Started GET "/" for 127.0.0.1 at 2025-08-09 11:56:36 +0900
  [1m[35m (7.9ms)[0m  [1m[35mCREATE TABLE "schema_migrations" ("version" varchar NOT NULL PRIMARY KEY) /*application='LibraryManagement'*/[0m
  [1m[35m (0.3ms)[0m  [1m[35mCREATE TABLE "ar_internal_metadata" ("key" varchar NOT NULL PRIMARY KEY, "value" varchar, "created_at" datetime(6) NOT NULL, "updated_at" datetime(6) NOT NULL) /*application='LibraryManagement'*/[0m
  [1m[36mActiveRecord::SchemaMigration Load (0.1ms)[0m  [1m[34mSELECT "schema_migrations"."version" FROM "schema_migrations" ORDER BY "schema_migrations"."version" ASC /*application='LibraryManagement'*/[0m
Processing by BooksController#index as HTML
  Rendering layout layouts/application.html.erb
  Rendering books/index.html.erb within layouts/application
  Rendered books/index.html.erb within layouts/application (Duration: 23.5ms | GC: 0.2ms)
  Rendered layout layouts/application.html.erb (Duration: 144.3ms | GC: 59.5ms)
Completed 200 OK in 295ms (Views: 156.3ms | ActiveRecord: 0.0ms (0 queries, 0 cached) | GC: 70.9ms)


Started GET "/assets/application-0aaa4126.css" for 127.0.0.1 at 2025-08-09 11:56:37 +0900
Started GET "/assets/application-bfcdf840.js" for 127.0.0.1 at 2025-08-09 11:56:37 +0900
Started GET "/assets/turbo.min-3a2e143f.js" for 127.0.0.1 at 2025-08-09 11:56:37 +0900
Started GET "/assets/stimulus.min-4b1e420e.js" for 127.0.0.1 at 2025-08-09 11:56:37 +0900
Started GET "/assets/stimulus-loading-1fc53fe7.js" for 127.0.0.1 at 2025-08-09 11:56:37 +0900
Started GET "/assets/controllers/application-3affb389.js" for 127.0.0.1 at 2025-08-09 11:56:37 +0900
Started GET "/assets/controllers/index-ee64e1f1.js" for 127.0.0.1 at 2025-08-09 11:56:37 +0900
Started GET "/assets/controllers/hello_controller-708796bd.js" for 127.0.0.1 at 2025-08-09 11:56:37 +0900
Started GET "/books/2/edit" for 127.0.0.1 at 2025-08-09 11:56:39 +0900
Processing by BooksController#edit as HTML
  Parameters: {"id"=>"2"}
  Rendering layout layouts/application.html.erb
  Rendering books/edit.html.erb within layouts/application
  Rendered books/edit.html.erb within layouts/application (Duration: 51.2ms | GC: 0.0ms)
  Rendered layout layouts/application.html.erb (Duration: 53.4ms | GC: 0.0ms)
Completed 200 OK in 86ms (Views: 54.9ms | ActiveRecord: 0.0ms (0 queries, 0 cached) | GC: 0.0ms)


Started GET "/" for 127.0.0.1 at 2025-08-09 11:56:56 +0900
Processing by BooksController#index as */*
  Rendering layout layouts/application.html.erb
  Rendering books/index.html.erb within layouts/application
  Rendered books/index.html.erb within layouts/application (Duration: 14.4ms | GC: 0.0ms)
  Rendered layout layouts/application.html.erb (Duration: 17.3ms | GC: 0.0ms)
Completed 200 OK in 30ms (Views: 18.8ms | ActiveRecord: 0.0ms (0 queries, 0 cached) | GC: 0.0ms)


Started GET "/books/3" for 127.0.0.1 at 2025-08-09 11:57:09 +0900
Processing by BooksController#show as HTML
  Parameters: {"id"=>"3"}
  Rendering layout layouts/application.html.erb
  Rendering books/show.html.erb within layouts/application
  Rendered books/show.html.erb within layouts/application (Duration: 36.8ms | GC: 0.0ms)
  Rendered layout layouts/application.html.erb (Duration: 43.8ms | GC: 0.0ms)
Completed 200 OK in 89ms (Views: 45.6ms | ActiveRecord: 0.0ms (0 queries, 0 cached) | GC: 0.0ms)


Started GET "/" for 127.0.0.1 at 2025-08-09 12:06:02 +0900
Processing by BooksController#index as */*
  Rendering layout layouts/application.html.erb
  Rendering books/index.html.erb within layouts/application
  Rendered books/index.html.erb within layouts/application (Duration: 17.1ms | GC: 0.0ms)
  Rendered layout layouts/application.html.erb (Duration: 34.5ms | GC: 0.0ms)
Completed 200 OK in 86ms (Views: 41.6ms | ActiveRecord: 0.0ms (0 queries, 0 cached) | GC: 0.0ms)


Started GET "/books/new" for 127.0.0.1 at 2025-08-09 12:06:09 +0900
Processing by BooksController#new as */*
  Rendering layout layouts/application.html.erb
  Rendering books/new.html.erb within layouts/application
  Rendered books/new.html.erb within layouts/application (Duration: 12.2ms | GC: 0.0ms)
  Rendered layout layouts/application.html.erb (Duration: 14.2ms | GC: 0.0ms)
Completed 200 OK in 36ms (Views: 15.3ms | ActiveRecord: 0.0ms (0 queries, 0 cached) | GC: 0.0ms)


Started GET "/" for 127.0.0.1 at 2025-08-09 12:06:51 +0900
Processing by BooksController#index as HTML
  Rendering layout layouts/application.html.erb
  Rendering books/index.html.erb within layouts/application
  Rendered books/index.html.erb within layouts/application (Duration: 27.3ms | GC: 0.0ms)
  Rendered layout layouts/application.html.erb (Duration: 29.9ms | GC: 0.0ms)
Completed 200 OK in 88ms (Views: 30.7ms | ActiveRecord: 0.0ms (0 queries, 0 cached) | GC: 0.0ms)


Started GET "/books/2" for 127.0.0.1 at 2025-08-09 12:06:55 +0900
Processing by BooksController#show as HTML
  Parameters: {"id"=>"2"}
  Rendering layout layouts/application.html.erb
  Rendering books/show.html.erb within layouts/application
  Rendered books/show.html.erb within layouts/application (Duration: 14.2ms | GC: 11.9ms)
  Rendered layout layouts/application.html.erb (Duration: 18.9ms | GC: 11.9ms)
Completed 200 OK in 40ms (Views: 24.0ms | ActiveRecord: 0.0ms (0 queries, 0 cached) | GC: 11.9ms)


Started GET "/books/3" for 127.0.0.1 at 2025-08-09 12:06:56 +0900
Processing by BooksController#show as HTML
  Parameters: {"id"=>"3"}
  Rendering layout layouts/application.html.erb
  Rendering books/show.html.erb within layouts/application
  Rendered books/show.html.erb within layouts/application (Duration: 1.3ms | GC: 0.0ms)
  Rendered layout layouts/application.html.erb (Duration: 7.5ms | GC: 0.0ms)
Completed 200 OK in 31ms (Views: 8.6ms | ActiveRecord: 0.0ms (0 queries, 0 cached) | GC: 0.0ms)


Started GET "/books/3/edit" for 127.0.0.1 at 2025-08-09 12:07:00 +0900
Processing by BooksController#edit as HTML
  Parameters: {"id"=>"3"}
  Rendering layout layouts/application.html.erb
  Rendering books/edit.html.erb within layouts/application
  Rendered books/edit.html.erb within layouts/application (Duration: 22.6ms | GC: 0.0ms)
  Rendered layout layouts/application.html.erb (Duration: 25.3ms | GC: 0.6ms)
Completed 200 OK in 52ms (Views: 28.0ms | ActiveRecord: 0.0ms (0 queries, 0 cached) | GC: 0.6ms)


Started PATCH "/books/3" for 127.0.0.1 at 2025-08-09 12:07:13 +0900
Processing by BooksController#update as TURBO_STREAM
  Parameters: {"authenticity_token"=>"[FILTERED]", "book"=>{"title"=>"ã“ã“ã‚", "author"=>"å¤ç›®æ¼±çŸ³", "finished_date"=>"2025-07-20", "publisher"=>"å²©æ³¢æ›¸åº—", "isbn"=>"9784003101094", "price"=>"600", "rating"=>"1"}, "commit"=>"æ›´æ–°", "id"=>"3"}
Redirected to http://localhost:3000/books/3
Completed 302 Found in 23ms (ActiveRecord: 0.0ms (0 queries, 0 cached) | GC: 0.0ms)


Started GET "/books/3" for 127.0.0.1 at 2025-08-09 12:07:13 +0900
Processing by BooksController#show as TURBO_STREAM
  Parameters: {"id"=>"3"}
  Rendering layout layouts/application.html.erb
  Rendering books/show.html.erb within layouts/application
  Rendered books/show.html.erb within layouts/application (Duration: 1.7ms | GC: 0.0ms)
  Rendered layout layouts/application.html.erb (Duration: 5.9ms | GC: 0.0ms)
Completed 200 OK in 19ms (Views: 6.6ms | ActiveRecord: 0.0ms (0 queries, 0 cached) | GC: 0.0ms)


Started GET "/books" for 127.0.0.1 at 2025-08-09 12:07:17 +0900
Processing by BooksController#index as HTML
  Rendering layout layouts/application.html.erb
  Rendering books/index.html.erb within layouts/application
  Rendered books/index.html.erb within layouts/application (Duration: 1.6ms | GC: 0.0ms)
  Rendered layout layouts/application.html.erb (Duration: 3.7ms | GC: 0.2ms)
Completed 200 OK in 17ms (Views: 4.3ms | ActiveRecord: 0.0ms (0 queries, 0 cached) | GC: 0.2ms)


Started GET "/books/new" for 127.0.0.1 at 2025-08-09 12:07:24 +0900
Processing by BooksController#new as HTML
  Rendering layout layouts/application.html.erb
  Rendering books/new.html.erb within layouts/application
  Rendered books/new.html.erb within layouts/application (Duration: 2.8ms | GC: 0.0ms)
  Rendered layout layouts/application.html.erb (Duration: 3.6ms | GC: 0.0ms)
Completed 200 OK in 19ms (Views: 4.0ms | ActiveRecord: 0.0ms (0 queries, 0 cached) | GC: 0.0ms)


Started GET "/books" for 127.0.0.1 at 2025-08-09 12:07:59 +0900
Processing by BooksController#index as HTML
  Rendering layout layouts/application.html.erb
  Rendering books/index.html.erb within layouts/application
  Rendered books/index.html.erb within layouts/application (Duration: 0.9ms | GC: 0.0ms)
  Rendered layout layouts/application.html.erb (Duration: 4.6ms | GC: 0.0ms)
Completed 200 OK in 20ms (Views: 5.9ms | ActiveRecord: 0.0ms (0 queries, 0 cached) | GC: 0.0ms)


Started POST "/books" for 127.0.0.1 at 2025-08-09 12:07:59 +0900
Processing by BooksController#create as TURBO_STREAM
  Parameters: {"authenticity_token"=>"[FILTERED]", "book"=>{"title"=>"ã¨ã‚‚ã ã¡", "author"=>"é˜¿éƒ¨ã€€å¤ªéƒŽ", "finished_date"=>"2025-08-08", "publisher"=>"ã‚‰ã‚‰ã‚‰å‡ºç‰ˆ", "isbn"=>"123", "price"=>"500", "rating"=>"8"}, "commit"=>"ä¿å­˜"}
Redirected to http://localhost:3000/books/4
Completed 302 Found in 18ms (ActiveRecord: 0.0ms (0 queries, 0 cached) | GC: 0.5ms)


Started GET "/books/4" for 127.0.0.1 at 2025-08-09 12:07:59 +0900
Processing by BooksController#show as TURBO_STREAM
  Parameters: {"id"=>"4"}
  Rendering layout layouts/application.html.erb
  Rendering books/show.html.erb within layouts/application
  Rendered books/show.html.erb within layouts/application (Duration: 1.4ms | GC: 0.0ms)
  Rendered layout layouts/application.html.erb (Duration: 7.0ms | GC: 0.0ms)
Completed 200 OK in 21ms (Views: 9.4ms | ActiveRecord: 0.0ms (0 queries, 0 cached) | GC: 0.2ms)


Started GET "/books" for 127.0.0.1 at 2025-08-09 12:08:00 +0900
Processing by BooksController#index as HTML
  Rendering layout layouts/application.html.erb
  Rendering books/index.html.erb within layouts/application
  Rendered books/index.html.erb within layouts/application (Duration: 1.1ms | GC: 0.0ms)
  Rendered layout layouts/application.html.erb (Duration: 3.1ms | GC: 0.0ms)
Completed 200 OK in 19ms (Views: 3.9ms | ActiveRecord: 0.0ms (0 queries, 0 cached) | GC: 0.0ms)


Started GET "/books/2/edit" for 127.0.0.1 at 2025-08-09 12:08:02 +0900
Processing by BooksController#edit as HTML
  Parameters: {"id"=>"2"}
  Rendering layout layouts/application.html.erb
  Rendering books/edit.html.erb within layouts/application
  Rendered books/edit.html.erb within layouts/application (Duration: 16.4ms | GC: 0.0ms)
  Rendered layout layouts/application.html.erb (Duration: 21.0ms | GC: 0.0ms)
Completed 200 OK in 40ms (Views: 21.4ms | ActiveRecord: 0.0ms (0 queries, 0 cached) | GC: 0.0ms)


Started GET "/books/new" for 127.0.0.1 at 2025-08-09 12:12:09 +0900
Processing by BooksController#new as */*
  Rendering layout layouts/application.html.erb
  Rendering books/new.html.erb within layouts/application
  Rendered books/new.html.erb within layouts/application (Duration: 19.8ms | GC: 0.8ms)
  Rendered layout layouts/application.html.erb (Duration: 42.1ms | GC: 2.1ms)
Completed 200 OK in 113ms (Views: 46.3ms | ActiveRecord: 0.0ms (0 queries, 0 cached) | GC: 26.1ms)


Started GET "/books/new" for 127.0.0.1 at 2025-08-09 12:13:27 +0900
Processing by BooksController#new as */*
  Rendering layout layouts/application.html.erb
  Rendering books/new.html.erb within layouts/application
  Rendered books/new.html.erb within layouts/application (Duration: 18.5ms | GC: 0.0ms)
  Rendered layout layouts/application.html.erb (Duration: 25.5ms | GC: 0.1ms)
Completed 200 OK in 82ms (Views: 28.5ms | ActiveRecord: 0.0ms (0 queries, 0 cached) | GC: 0.3ms)


Started POST "/books" for 127.0.0.1 at 2025-08-09 12:13:28 +0900
Processing by BooksController#create as */*
  Parameters: {"book"=>{"title"=>"è©•ä¾¡ãƒ†ã‚¹ãƒˆ", "author"=>"ãƒ†ã‚¹ãƒˆè‘—è€…", "finished_date"=>"2025-02-01", "rating"=>"7"}, "authenticity_token"=>"[FILTERED]"}
Can't verify CSRF token authenticity.
Completed 422 Unprocessable Content in 4ms (ActiveRecord: 0.0ms (0 queries, 0 cached) | GC: 0.0ms)


  
ActionController::InvalidAuthenticityToken (Can't verify CSRF token authenticity.):
  
actionpack (8.0.2) lib/action_controller/metal/request_forgery_protection.rb:314:in `handle_unverified_request'
actionpack (8.0.2) lib/action_controller/metal/request_forgery_protection.rb:408:in `handle_unverified_request'
actionpack (8.0.2) lib/action_controller/metal/request_forgery_protection.rb:397:in `verify_authenticity_token'
activesupport (8.0.2) lib/active_support/callbacks.rb:361:in `block in make_lambda'
activesupport (8.0.2) lib/active_support/callbacks.rb:178:in `block in call'
actionpack (8.0.2) lib/abstract_controller/callbacks.rb:34:in `block (2 levels) in <module:Callbacks>'
activesupport (8.0.2) lib/active_support/callbacks.rb:179:in `call'
activesupport (8.0.2) lib/active_support/callbacks.rb:559:in `block in invoke_before'
activesupport (8.0.2) lib/active_support/callbacks.rb:559:in `each'
activesupport (8.0.2) lib/active_support/callbacks.rb:559:in `invoke_before'
activesupport (8.0.2) lib/active_support/callbacks.rb:118:in `block in run_callbacks'
activesupport (8.0.2) lib/active_support/callbacks.rb:140:in `run_callbacks'
actionpack (8.0.2) lib/abstract_controller/callbacks.rb:260:in `process_action'
actionpack (8.0.2) lib/action_controller/metal/rescue.rb:27:in `process_action'
actionpack (8.0.2) lib/action_controller/metal/instrumentation.rb:76:in `block in process_action'
activesupport (8.0.2) lib/active_support/notifications.rb:210:in `block in instrument'
activesupport (8.0.2) lib/active_support/notifications/instrumenter.rb:58:in `instrument'
activesupport (8.0.2) lib/active_support/notifications.rb:210:in `instrument'
actionpack (8.0.2) lib/action_controller/metal/instrumentation.rb:75:in `process_action'
actionpack (8.0.2) lib/action_controller/metal/params_wrapper.rb:259:in `process_action'
activerecord (8.0.2) lib/active_record/railties/controller_runtime.rb:39:in `process_action'
actionpack (8.0.2) lib/abstract_controller/base.rb:163:in `process'
actionview (8.0.2) lib/action_view/rendering.rb:40:in `process'
actionpack (8.0.2) lib/action_controller/metal.rb:252:in `dispatch'
actionpack (8.0.2) lib/action_controller/metal.rb:335:in `dispatch'
actionpack (8.0.2) lib/action_dispatch/routing/route_set.rb:67:in `dispatch'
actionpack (8.0.2) lib/action_dispatch/routing/route_set.rb:50:in `serve'
actionpack (8.0.2) lib/action_dispatch/journey/router.rb:53:in `block in serve'
actionpack (8.0.2) lib/action_dispatch/journey/router.rb:133:in `block in find_routes'
actionpack (8.0.2) lib/action_dispatch/journey/router.rb:126:in `each'
actionpack (8.0.2) lib/action_dispatch/journey/router.rb:126:in `find_routes'
actionpack (8.0.2) lib/action_dispatch/journey/router.rb:34:in `serve'
actionpack (8.0.2) lib/action_dispatch/routing/route_set.rb:908:in `call'
railties (8.0.2) lib/rails/engine/lazy_route_set.rb:68:in `call'
rack (3.2.0) lib/rack/tempfile_reaper.rb:20:in `call'
rack (3.2.0) lib/rack/etag.rb:29:in `call'
rack (3.2.0) lib/rack/conditional_get.rb:44:in `call'
rack (3.2.0) lib/rack/head.rb:15:in `call'
actionpack (8.0.2) lib/action_dispatch/http/permissions_policy.rb:38:in `call'
actionpack (8.0.2) lib/action_dispatch/http/content_security_policy.rb:38:in `call'
rack-session (2.1.1) lib/rack/session/abstract/id.rb:274:in `context'
rack-session (2.1.1) lib/rack/session/abstract/id.rb:268:in `call'
actionpack (8.0.2) lib/action_dispatch/middleware/cookies.rb:706:in `call'
activerecord (8.0.2) lib/active_record/migration.rb:671:in `call'
actionpack (8.0.2) lib/action_dispatch/middleware/callbacks.rb:31:in `block in call'
activesupport (8.0.2) lib/active_support/callbacks.rb:100:in `run_callbacks'
actionpack (8.0.2) lib/action_dispatch/middleware/callbacks.rb:30:in `call'
actionpack (8.0.2) lib/action_dispatch/middleware/executor.rb:16:in `call'
actionpack (8.0.2) lib/action_dispatch/middleware/actionable_exceptions.rb:18:in `call'
actionpack (8.0.2) lib/action_dispatch/middleware/debug_exceptions.rb:31:in `call'
web-console (4.2.1) lib/web_console/middleware.rb:132:in `call_app'
web-console (4.2.1) lib/web_console/middleware.rb:28:in `block in call'
web-console (4.2.1) lib/web_console/middleware.rb:17:in `catch'
web-console (4.2.1) lib/web_console/middleware.rb:17:in `call'
actionpack (8.0.2) lib/action_dispatch/middleware/show_exceptions.rb:32:in `call'
railties (8.0.2) lib/rails/rack/logger.rb:41:in `call_app'
railties (8.0.2) lib/rails/rack/logger.rb:29:in `call'
actionpack (8.0.2) lib/action_dispatch/middleware/remote_ip.rb:96:in `call'
actionpack (8.0.2) lib/action_dispatch/middleware/request_id.rb:34:in `call'
rack (3.2.0) lib/rack/method_override.rb:28:in `call'
rack (3.2.0) lib/rack/runtime.rb:24:in `call'
actionpack (8.0.2) lib/action_dispatch/middleware/server_timing.rb:61:in `block in call'
actionpack (8.0.2) lib/action_dispatch/middleware/server_timing.rb:26:in `collect_events'
actionpack (8.0.2) lib/action_dispatch/middleware/server_timing.rb:60:in `call'
actionpack (8.0.2) lib/action_dispatch/middleware/executor.rb:16:in `call'
actionpack (8.0.2) lib/action_dispatch/middleware/static.rb:27:in `call'
rack (3.2.0) lib/rack/sendfile.rb:114:in `call'
actionpack (8.0.2) lib/action_dispatch/middleware/host_authorization.rb:143:in `call'
railties (8.0.2) lib/rails/engine.rb:535:in `call'
puma (6.6.1) lib/puma/configuration.rb:279:in `call'
puma (6.6.1) lib/puma/request.rb:99:in `block in handle_request'
puma (6.6.1) lib/puma/thread_pool.rb:390:in `with_force_shutdown'
puma (6.6.1) lib/puma/request.rb:98:in `handle_request'
puma (6.6.1) lib/puma/server.rb:472:in `process_client'
puma (6.6.1) lib/puma/server.rb:254:in `block in run'
puma (6.6.1) lib/puma/thread_pool.rb:167:in `block in spawn_thread'
Started GET "/" for 127.0.0.1 at 2025-08-09 12:13:33 +0900
Processing by BooksController#index as */*
  Rendering layout layouts/application.html.erb
  Rendering books/index.html.erb within layouts/application
  Rendered books/index.html.erb within layouts/application (Duration: 9.7ms | GC: 0.0ms)
  Rendered layout layouts/application.html.erb (Duration: 13.1ms | GC: 0.0ms)
Completed 200 OK in 31ms (Views: 13.9ms | ActiveRecord: 0.0ms (0 queries, 0 cached) | GC: 0.0ms)


Started GET "/" for 127.0.0.1 at 2025-08-09 12:13:57 +0900
Processing by BooksController#index as */*
  Rendering layout layouts/application.html.erb
  Rendering books/index.html.erb within layouts/application
  Rendered books/index.html.erb within layouts/application (Duration: 10.1ms | GC: 0.3ms)
  Rendered layout layouts/application.html.erb (Duration: 20.0ms | GC: 0.3ms)
Completed 200 OK in 66ms (Views: 26.7ms | ActiveRecord: 0.0ms (0 queries, 0 cached) | GC: 0.7ms)


Started GET "/" for 127.0.0.1 at 2025-08-09 12:14:02 +0900
Processing by BooksController#index as */*
  Rendering layout layouts/application.html.erb
  Rendering books/index.html.erb within layouts/application
  Rendered books/index.html.erb within layouts/application (Duration: 2.0ms | GC: 0.0ms)
  Rendered layout layouts/application.html.erb (Duration: 4.1ms | GC: 0.0ms)
Completed 200 OK in 17ms (Views: 5.3ms | ActiveRecord: 0.0ms (0 queries, 0 cached) | GC: 0.0ms)


Started GET "/books/new" for 127.0.0.1 at 2025-08-09 12:14:06 +0900
Processing by BooksController#new as */*
  Rendering layout layouts/application.html.erb
  Rendering books/new.html.erb within layouts/application
  Rendered books/new.html.erb within layouts/application (Duration: 13.7ms | GC: 0.2ms)
  Rendered layout layouts/application.html.erb (Duration: 16.6ms | GC: 0.2ms)
Completed 200 OK in 32ms (Views: 17.4ms | ActiveRecord: 0.0ms (0 queries, 0 cached) | GC: 0.2ms)


Started GET "/books/3/edit" for 127.0.0.1 at 2025-08-09 12:14:10 +0900
Processing by BooksController#edit as */*
  Parameters: {"id"=>"3"}
  Rendering layout layouts/application.html.erb
  Rendering books/edit.html.erb within layouts/application
  Rendered books/edit.html.erb within layouts/application (Duration: 6.3ms | GC: 0.3ms)
  Rendered layout layouts/application.html.erb (Duration: 7.0ms | GC: 0.3ms)
Completed 200 OK in 18ms (Views: 7.3ms | ActiveRecord: 0.0ms (0 queries, 0 cached) | GC: 0.3ms)


Started GET "/books" for 127.0.0.1 at 2025-08-09 23:45:41 +0900
Processing by BooksController#index as HTML
  Rendering layout layouts/application.html.erb
  Rendering books/index.html.erb within layouts/application
  Rendered books/index.html.erb within layouts/application (Duration: 13.5ms | GC: 2.2ms)
  Rendered layout layouts/application.html.erb (Duration: 30.0ms | GC: 3.1ms)
Completed 200 OK in 77ms (Views: 33.5ms | ActiveRecord: 0.0ms (0 queries, 0 cached) | GC: 7.4ms)


Started GET "/books/3" for 127.0.0.1 at 2025-08-09 23:45:53 +0900
Processing by BooksController#show as HTML
  Parameters: {"id"=>"3"}
  Rendering layout layouts/application.html.erb
  Rendering books/show.html.erb within layouts/application
  Rendered books/show.html.erb within layouts/application (Duration: 6.5ms | GC: 4.7ms)
  Rendered layout layouts/application.html.erb (Duration: 30.3ms | GC: 16.5ms)
Completed 200 OK in 61ms (Views: 31.7ms | ActiveRecord: 0.0ms (0 queries, 0 cached) | GC: 18.0ms)


Started GET "/books/3/edit" for 127.0.0.1 at 2025-08-09 23:45:56 +0900
Processing by BooksController#edit as HTML
  Parameters: {"id"=>"3"}
  Rendering layout layouts/application.html.erb
  Rendering books/edit.html.erb within layouts/application
  Rendered books/edit.html.erb within layouts/application (Duration: 49.2ms | GC: 23.4ms)
  Rendered layout layouts/application.html.erb (Duration: 50.3ms | GC: 23.4ms)
Completed 200 OK in 124ms (Views: 51.0ms | ActiveRecord: 0.0ms (0 queries, 0 cached) | GC: 27.6ms)


Started PATCH "/books/3" for 127.0.0.1 at 2025-08-09 23:46:04 +0900
Processing by BooksController#update as TURBO_STREAM
  Parameters: {"authenticity_token"=>"[FILTERED]", "book"=>{"title"=>"ã“ã“ã‚", "author"=>"å¤ç›®æ¼±çŸ³", "finished_date"=>"2025-07-20", "publisher"=>"å²©æ³¢æ›¸åº—", "isbn"=>"9784003101094", "price"=>"600", "rating"=>"9"}, "commit"=>"æ›´æ–°", "id"=>"3"}
Redirected to http://localhost:3000/books/3
Completed 302 Found in 45ms (ActiveRecord: 0.0ms (0 queries, 0 cached) | GC: 3.8ms)


Started GET "/books/3" for 127.0.0.1 at 2025-08-09 23:46:04 +0900
Processing by BooksController#show as TURBO_STREAM
  Parameters: {"id"=>"3"}
  Rendering layout layouts/application.html.erb
  Rendering books/show.html.erb within layouts/application
  Rendered books/show.html.erb within layouts/application (Duration: 0.5ms | GC: 0.0ms)
  Rendered layout layouts/application.html.erb (Duration: 5.9ms | GC: 3.3ms)
Completed 200 OK in 34ms (Views: 12.0ms | ActiveRecord: 0.0ms (0 queries, 0 cached) | GC: 5.2ms)


Started GET "/books" for 127.0.0.1 at 2025-08-09 23:46:08 +0900
Processing by BooksController#index as HTML
  Rendering layout layouts/application.html.erb
  Rendering books/index.html.erb within layouts/application
  Rendered books/index.html.erb within layouts/application (Duration: 12.0ms | GC: 9.2ms)
  Rendered layout layouts/application.html.erb (Duration: 14.0ms | GC: 10.1ms)
Completed 200 OK in 27ms (Views: 15.1ms | ActiveRecord: 0.0ms (0 queries, 0 cached) | GC: 11.8ms)


Started GET "/books" for 127.0.0.1 at 2025-08-09 23:46:08 +0900
Processing by BooksController#index as HTML
  Rendering layout layouts/application.html.erb
  Rendering books/index.html.erb within layouts/application
  Rendered books/index.html.erb within layouts/application (Duration: 3.0ms | GC: 0.9ms)
  Rendered layout layouts/application.html.erb (Duration: 29.7ms | GC: 0.9ms)
Completed 200 OK in 71ms (Views: 52.2ms | ActiveRecord: 0.0ms (0 queries, 0 cached) | GC: 0.9ms)


Started GET "/books" for 127.0.0.1 at 2025-08-09 23:46:12 +0900
Processing by BooksController#index as HTML
  Rendering layout layouts/application.html.erb
  Rendering books/index.html.erb within layouts/application
  Rendered books/index.html.erb within layouts/application (Duration: 1.4ms | GC: 0.4ms)
  Rendered layout layouts/application.html.erb (Duration: 3.0ms | GC: 0.4ms)
Completed 200 OK in 17ms (Views: 3.3ms | ActiveRecord: 0.0ms (0 queries, 0 cached) | GC: 0.4ms)


Started GET "/books" for 127.0.0.1 at 2025-08-09 23:46:13 +0900
Processing by BooksController#index as HTML
  Rendering layout layouts/application.html.erb
  Rendering books/index.html.erb within layouts/application
  Rendered books/index.html.erb within layouts/application (Duration: 2.5ms | GC: 0.6ms)
  Rendered layout layouts/application.html.erb (Duration: 5.3ms | GC: 0.6ms)
Completed 200 OK in 27ms (Views: 6.0ms | ActiveRecord: 0.0ms (0 queries, 0 cached) | GC: 0.6ms)


Started GET "/books" for 127.0.0.1 at 2025-08-09 23:46:14 +0900
Processing by BooksController#index as HTML
  Rendering layout layouts/application.html.erb
  Rendering books/index.html.erb within layouts/application
  Rendered books/index.html.erb within layouts/application (Duration: 7.1ms | GC: 0.0ms)
  Rendered layout layouts/application.html.erb (Duration: 8.0ms | GC: 0.0ms)
Completed 200 OK in 25ms (Views: 8.2ms | ActiveRecord: 0.0ms (0 queries, 0 cached) | GC: 0.0ms)


Started GET "/books" for 127.0.0.1 at 2025-08-09 23:46:14 +0900
Processing by BooksController#index as HTML
  Rendering layout layouts/application.html.erb
  Rendering books/index.html.erb within layouts/application
  Rendered books/index.html.erb within layouts/application (Duration: 3.2ms | GC: 0.4ms)
  Rendered layout layouts/application.html.erb (Duration: 4.2ms | GC: 0.4ms)
Completed 200 OK in 17ms (Views: 4.5ms | ActiveRecord: 0.0ms (0 queries, 0 cached) | GC: 0.4ms)


Started GET "/books/3" for 127.0.0.1 at 2025-08-09 23:46:16 +0900
Processing by BooksController#show as HTML
  Parameters: {"id"=>"3"}
  Rendering layout layouts/application.html.erb
  Rendering books/show.html.erb within layouts/application
  Rendered books/show.html.erb within layouts/application (Duration: 0.8ms | GC: 0.0ms)
  Rendered layout layouts/application.html.erb (Duration: 3.0ms | GC: 0.0ms)
Completed 200 OK in 29ms (Views: 7.1ms | ActiveRecord: 0.0ms (0 queries, 0 cached) | GC: 0.0ms)


Started GET "/books/3" for 127.0.0.1 at 2025-08-09 23:46:16 +0900
Processing by BooksController#show as HTML
  Parameters: {"id"=>"3"}
  Rendering layout layouts/application.html.erb
  Rendering books/show.html.erb within layouts/application
  Rendered books/show.html.erb within layouts/application (Duration: 4.1ms | GC: 0.0ms)
  Rendered layout layouts/application.html.erb (Duration: 5.7ms | GC: 0.0ms)
Completed 200 OK in 28ms (Views: 6.4ms | ActiveRecord: 0.0ms (0 queries, 0 cached) | GC: 0.2ms)


Started GET "/books/3/edit" for 127.0.0.1 at 2025-08-09 23:47:22 +0900
Processing by BooksController#edit as */*
  Parameters: {"id"=>"3"}
  Rendering layout layouts/application.html.erb
  Rendering books/edit.html.erb within layouts/application
  Rendered books/edit.html.erb within layouts/application (Duration: 3.4ms | GC: 0.0ms)
  Rendered layout layouts/application.html.erb (Duration: 4.6ms | GC: 0.0ms)
Completed 200 OK in 21ms (Views: 5.0ms | ActiveRecord: 0.0ms (0 queries, 0 cached) | GC: 0.0ms)


Started GET "/books/new" for 127.0.0.1 at 2025-08-09 23:49:16 +0900
Processing by BooksController#new as */*
  Rendering layout layouts/application.html.erb
  Rendering books/new.html.erb within layouts/application
  Rendered books/new.html.erb within layouts/application (Duration: 20.5ms | GC: 0.0ms)
  Rendered layout layouts/application.html.erb (Duration: 40.6ms | GC: 0.3ms)
Completed 200 OK in 112ms (Views: 58.5ms | ActiveRecord: 0.0ms (0 queries, 0 cached) | GC: 9.5ms)


Started GET "/books/3/edit" for 127.0.0.1 at 2025-08-09 23:49:20 +0900
Processing by BooksController#edit as */*
  Parameters: {"id"=>"3"}
  Rendering layout layouts/application.html.erb
  Rendering books/edit.html.erb within layouts/application
  Rendered books/edit.html.erb within layouts/application (Duration: 6.7ms | GC: 0.0ms)
  Rendered layout layouts/application.html.erb (Duration: 8.3ms | GC: 0.0ms)
Completed 200 OK in 26ms (Views: 10.6ms | ActiveRecord: 0.0ms (0 queries, 0 cached) | GC: 0.4ms)


Started GET "/books" for 127.0.0.1 at 2025-08-09 23:54:00 +0900
Processing by BooksController#index as HTML
  Rendering layout layouts/application.html.erb
  Rendering books/index.html.erb within layouts/application
  Rendered books/index.html.erb within layouts/application (Duration: 3.1ms | GC: 0.0ms)
  Rendered layout layouts/application.html.erb (Duration: 5.3ms | GC: 0.0ms)
Completed 200 OK in 28ms (Views: 6.4ms | ActiveRecord: 0.0ms (0 queries, 0 cached) | GC: 0.0ms)


Started GET "/books" for 127.0.0.1 at 2025-08-09 23:54:00 +0900
Processing by BooksController#index as HTML
  Rendering layout layouts/application.html.erb
  Rendering books/index.html.erb within layouts/application
  Rendered books/index.html.erb within layouts/application (Duration: 2.3ms | GC: 0.3ms)
  Rendered layout layouts/application.html.erb (Duration: 12.4ms | GC: 0.3ms)
Completed 200 OK in 25ms (Views: 12.7ms | ActiveRecord: 0.0ms (0 queries, 0 cached) | GC: 0.3ms)


Started GET "/assets/application-d1685b86.css" for 127.0.0.1 at 2025-08-09 23:54:00 +0900
Started GET "/books" for 127.0.0.1 at 2025-08-09 23:54:00 +0900
Processing by BooksController#index as HTML
  Rendering layout layouts/application.html.erb
  Rendering books/index.html.erb within layouts/application
  Rendered books/index.html.erb within layouts/application (Duration: 1.2ms | GC: 0.1ms)
  Rendered layout layouts/application.html.erb (Duration: 2.5ms | GC: 0.1ms)
Completed 200 OK in 31ms (Views: 2.8ms | ActiveRecord: 0.0ms (0 queries, 0 cached) | GC: 0.1ms)


Started GET "/books/3" for 127.0.0.1 at 2025-08-09 23:54:03 +0900
Processing by BooksController#show as HTML
  Parameters: {"id"=>"3"}
  Rendering layout layouts/application.html.erb
  Rendering books/show.html.erb within layouts/application
  Rendered books/show.html.erb within layouts/application (Duration: 1.0ms | GC: 0.0ms)
  Rendered layout layouts/application.html.erb (Duration: 2.1ms | GC: 0.0ms)
Completed 200 OK in 14ms (Views: 2.4ms | ActiveRecord: 0.0ms (0 queries, 0 cached) | GC: 0.0ms)


Started GET "/books/3/edit" for 127.0.0.1 at 2025-08-09 23:54:06 +0900
Processing by BooksController#edit as HTML
  Parameters: {"id"=>"3"}
  Rendering layout layouts/application.html.erb
  Rendering books/edit.html.erb within layouts/application
  Rendered books/edit.html.erb within layouts/application (Duration: 3.6ms | GC: 0.0ms)
  Rendered layout layouts/application.html.erb (Duration: 4.2ms | GC: 0.0ms)
Completed 200 OK in 26ms (Views: 4.4ms | ActiveRecord: 0.0ms (0 queries, 0 cached) | GC: 0.0ms)


Started GET "/books/3" for 127.0.0.1 at 2025-08-09 23:54:15 +0900
Processing by BooksController#show as HTML
  Parameters: {"id"=>"3"}
  Rendering layout layouts/application.html.erb
  Rendering books/show.html.erb within layouts/application
  Rendered books/show.html.erb within layouts/application (Duration: 0.4ms | GC: 0.0ms)
  Rendered layout layouts/application.html.erb (Duration: 1.8ms | GC: 0.0ms)
Completed 200 OK in 14ms (Views: 2.0ms | ActiveRecord: 0.0ms (0 queries, 0 cached) | GC: 0.0ms)


Started PATCH "/books/3" for 127.0.0.1 at 2025-08-09 23:54:19 +0900
Processing by BooksController#update as TURBO_STREAM
  Parameters: {"authenticity_token"=>"[FILTERED]", "book"=>{"title"=>"ã“ã“ã‚", "author"=>"å¤ç›®æ¼±çŸ³", "finished_date"=>"2025-07-20", "publisher"=>"å²©æ³¢æ›¸åº—", "isbn"=>"9784003101094", "price"=>"600", "rating"=>"8"}, "commit"=>"æ›´æ–°", "id"=>"3"}
Redirected to http://localhost:3000/books/3
Completed 302 Found in 25ms (ActiveRecord: 0.0ms (0 queries, 0 cached) | GC: 0.0ms)


Started GET "/books/3" for 127.0.0.1 at 2025-08-09 23:54:19 +0900
Processing by BooksController#show as TURBO_STREAM
  Parameters: {"id"=>"3"}
  Rendering layout layouts/application.html.erb
  Rendering books/show.html.erb within layouts/application
  Rendered books/show.html.erb within layouts/application (Duration: 0.4ms | GC: 0.0ms)
  Rendered layout layouts/application.html.erb (Duration: 2.3ms | GC: 0.0ms)
Completed 200 OK in 13ms (Views: 2.6ms | ActiveRecord: 0.0ms (0 queries, 0 cached) | GC: 0.0ms)


Started GET "/books/3/edit" for 127.0.0.1 at 2025-08-09 23:54:24 +0900
Processing by BooksController#edit as HTML
  Parameters: {"id"=>"3"}
  Rendering layout layouts/application.html.erb
  Rendering books/edit.html.erb within layouts/application
  Rendered books/edit.html.erb within layouts/application (Duration: 4.0ms | GC: 0.0ms)
  Rendered layout layouts/application.html.erb (Duration: 5.3ms | GC: 0.0ms)
Completed 200 OK in 30ms (Views: 5.7ms | ActiveRecord: 0.0ms (0 queries, 0 cached) | GC: 0.0ms)


Started GET "/books" for 127.0.0.1 at 2025-08-09 23:54:24 +0900
Processing by BooksController#index as HTML
  Rendering layout layouts/application.html.erb
  Rendering books/index.html.erb within layouts/application
  Rendered books/index.html.erb within layouts/application (Duration: 12.5ms | GC: 11.1ms)
  Rendered layout layouts/application.html.erb (Duration: 14.1ms | GC: 11.1ms)
Completed 200 OK in 27ms (Views: 14.4ms | ActiveRecord: 0.0ms (0 queries, 0 cached) | GC: 11.1ms)


Started GET "/books" for 127.0.0.1 at 2025-08-09 23:54:30 +0900
Processing by BooksController#index as HTML
  Rendering layout layouts/application.html.erb
  Rendering books/index.html.erb within layouts/application
  Rendered books/index.html.erb within layouts/application (Duration: 2.4ms | GC: 0.0ms)
  Rendered layout layouts/application.html.erb (Duration: 4.4ms | GC: 0.6ms)
Completed 200 OK in 23ms (Views: 4.8ms | ActiveRecord: 0.0ms (0 queries, 0 cached) | GC: 0.6ms)


Started GET "/books" for 127.0.0.1 at 2025-08-09 23:54:31 +0900
Processing by BooksController#index as HTML
  Rendering layout layouts/application.html.erb
  Rendering books/index.html.erb within layouts/application
  Rendered books/index.html.erb within layouts/application (Duration: 1.1ms | GC: 0.0ms)
  Rendered layout layouts/application.html.erb (Duration: 1.8ms | GC: 0.0ms)
Completed 200 OK in 19ms (Views: 2.1ms | ActiveRecord: 0.0ms (0 queries, 0 cached) | GC: 0.0ms)


Started GET "/books/3/edit" for 127.0.0.1 at 2025-08-09 23:54:33 +0900
Processing by BooksController#edit as HTML
  Parameters: {"id"=>"3"}
  Rendering layout layouts/application.html.erb
  Rendering books/edit.html.erb within layouts/application
  Rendered books/edit.html.erb within layouts/application (Duration: 2.0ms | GC: 0.0ms)
  Rendered layout layouts/application.html.erb (Duration: 3.2ms | GC: 0.0ms)
Completed 200 OK in 22ms (Views: 3.5ms | ActiveRecord: 0.0ms (0 queries, 0 cached) | GC: 0.0ms)


Started GET "/books/2/edit" for 127.0.0.1 at 2025-08-09 23:54:35 +0900
Processing by BooksController#edit as HTML
  Parameters: {"id"=>"2"}
  Rendering layout layouts/application.html.erb
  Rendering books/edit.html.erb within layouts/application
  Rendered books/edit.html.erb within layouts/application (Duration: 1.7ms | GC: 0.0ms)
  Rendered layout layouts/application.html.erb (Duration: 2.3ms | GC: 0.0ms)
Completed 200 OK in 19ms (Views: 2.6ms | ActiveRecord: 0.0ms (0 queries, 0 cached) | GC: 0.5ms)


Started GET "/books" for 127.0.0.1 at 2025-08-09 23:55:19 +0900
Processing by BooksController#index as HTML
  Rendering layout layouts/application.html.erb
  Rendering books/index.html.erb within layouts/application
  Rendered books/index.html.erb within layouts/application (Duration: 1.2ms | GC: 0.0ms)
  Rendered layout layouts/application.html.erb (Duration: 2.3ms | GC: 0.0ms)
Completed 200 OK in 35ms (Views: 2.6ms | ActiveRecord: 0.0ms (0 queries, 0 cached) | GC: 0.3ms)


Started GET "/books" for 127.0.0.1 at 2025-08-09 23:55:21 +0900
Processing by BooksController#index as HTML
  Rendering layout layouts/application.html.erb
  Rendering books/index.html.erb within layouts/application
  Rendered books/index.html.erb within layouts/application (Duration: 12.5ms | GC: 0.3ms)
  Rendered layout layouts/application.html.erb (Duration: 13.6ms | GC: 0.3ms)
Completed 200 OK in 32ms (Views: 14.0ms | ActiveRecord: 0.0ms (0 queries, 0 cached) | GC: 0.3ms)


Started GET "/books/2" for 127.0.0.1 at 2025-08-09 23:55:22 +0900
Processing by BooksController#show as HTML
  Parameters: {"id"=>"2"}
  Rendering layout layouts/application.html.erb
  Rendering books/show.html.erb within layouts/application
  Rendered books/show.html.erb within layouts/application (Duration: 0.4ms | GC: 0.0ms)
  Rendered layout layouts/application.html.erb (Duration: 1.1ms | GC: 0.0ms)
Completed 200 OK in 14ms (Views: 1.4ms | ActiveRecord: 0.0ms (0 queries, 0 cached) | GC: 0.0ms)


Started GET "/books/2" for 127.0.0.1 at 2025-08-09 23:55:24 +0900
Processing by BooksController#show as HTML
  Parameters: {"id"=>"2"}
  Rendering layout layouts/application.html.erb
  Rendering books/show.html.erb within layouts/application
  Rendered books/show.html.erb within layouts/application (Duration: 0.5ms | GC: 0.0ms)
  Rendered layout layouts/application.html.erb (Duration: 1.5ms | GC: 0.0ms)
Completed 200 OK in 26ms (Views: 1.8ms | ActiveRecord: 0.0ms (0 queries, 0 cached) | GC: 0.0ms)


Started GET "/books/2/edit" for 127.0.0.1 at 2025-08-09 23:55:25 +0900
Processing by BooksController#edit as HTML
  Parameters: {"id"=>"2"}
  Rendering layout layouts/application.html.erb
  Rendering books/edit.html.erb within layouts/application
  Rendered books/edit.html.erb within layouts/application (Duration: 2.1ms | GC: 0.0ms)
  Rendered layout layouts/application.html.erb (Duration: 2.9ms | GC: 0.0ms)
Completed 200 OK in 21ms (Views: 3.2ms | ActiveRecord: 0.0ms (0 queries, 0 cached) | GC: 0.0ms)


Started GET "/books/2" for 127.0.0.1 at 2025-08-09 23:55:31 +0900
Processing by BooksController#show as HTML
  Parameters: {"id"=>"2"}
  Rendering layout layouts/application.html.erb
  Rendering books/show.html.erb within layouts/application
  Rendered books/show.html.erb within layouts/application (Duration: 0.4ms | GC: 0.0ms)
  Rendered layout layouts/application.html.erb (Duration: 1.2ms | GC: 0.0ms)
Completed 200 OK in 22ms (Views: 1.5ms | ActiveRecord: 0.0ms (0 queries, 0 cached) | GC: 0.0ms)


Started GET "/books/2/edit" for 127.0.0.1 at 2025-08-09 23:55:33 +0900
Processing by BooksController#edit as HTML
  Parameters: {"id"=>"2"}
  Rendering layout layouts/application.html.erb
  Rendering books/edit.html.erb within layouts/application
  Rendered books/edit.html.erb within layouts/application (Duration: 12.4ms | GC: 0.0ms)
  Rendered layout layouts/application.html.erb (Duration: 13.8ms | GC: 0.0ms)
Completed 200 OK in 40ms (Views: 14.2ms | ActiveRecord: 0.0ms (0 queries, 0 cached) | GC: 0.0ms)


Started GET "/books/2" for 127.0.0.1 at 2025-08-09 23:55:38 +0900
Processing by BooksController#show as HTML
  Parameters: {"id"=>"2"}
  Rendering layout layouts/application.html.erb
  Rendering books/show.html.erb within layouts/application
  Rendered books/show.html.erb within layouts/application (Duration: 0.3ms | GC: 0.0ms)
  Rendered layout layouts/application.html.erb (Duration: 1.1ms | GC: 0.0ms)
Completed 200 OK in 13ms (Views: 1.3ms | ActiveRecord: 0.0ms (0 queries, 0 cached) | GC: 0.0ms)


Started GET "/books/2/edit" for 127.0.0.1 at 2025-08-09 23:55:40 +0900
Processing by BooksController#edit as HTML
  Parameters: {"id"=>"2"}
  Rendering layout layouts/application.html.erb
  Rendering books/edit.html.erb within layouts/application
  Rendered books/edit.html.erb within layouts/application (Duration: 1.2ms | GC: 0.0ms)
  Rendered layout layouts/application.html.erb (Duration: 1.7ms | GC: 0.0ms)
Completed 200 OK in 15ms (Views: 2.0ms | ActiveRecord: 0.0ms (0 queries, 0 cached) | GC: 0.0ms)


Started PATCH "/books/2" for 127.0.0.1 at 2025-08-09 23:55:43 +0900
Processing by BooksController#update as TURBO_STREAM
  Parameters: {"authenticity_token"=>"[FILTERED]", "book"=>{"title"=>"èµ°ã‚Œãƒ¡ãƒ­ã‚¹", "author"=>"å¤ªå®°æ²»", "finished_date"=>"2025-08-05", "publisher"=>"å°å³°æ›¸åº—", "isbn"=>"9784338089201", "price"=>"800", "rating"=>"6"}, "commit"=>"æ›´æ–°", "id"=>"2"}
Redirected to http://localhost:3000/books/2
Completed 302 Found in 40ms (ActiveRecord: 0.0ms (0 queries, 0 cached) | GC: 0.0ms)


Started GET "/books/2" for 127.0.0.1 at 2025-08-09 23:55:43 +0900
Processing by BooksController#show as TURBO_STREAM
  Parameters: {"id"=>"2"}
  Rendering layout layouts/application.html.erb
  Rendering books/show.html.erb within layouts/application
  Rendered books/show.html.erb within layouts/application (Duration: 0.4ms | GC: 0.0ms)
  Rendered layout layouts/application.html.erb (Duration: 1.1ms | GC: 0.0ms)
Completed 200 OK in 19ms (Views: 1.4ms | ActiveRecord: 0.0ms (0 queries, 0 cached) | GC: 0.0ms)


Started GET "/" for 127.0.0.1 at 2025-08-10 00:01:01 +0900
  [1m[36mActiveRecord::SchemaMigration Load (1.4ms)[0m  [1m[34mSELECT "schema_migrations"."version" FROM "schema_migrations" ORDER BY "schema_migrations"."version" ASC /*application='LibraryManagement'*/[0m
Processing by BooksController#index as */*
  Rendering layout layouts/application.html.erb
  Rendering books/index.html.erb within layouts/application
  Rendered books/index.html.erb within layouts/application (Duration: 27.4ms | GC: 8.1ms)
  Rendered layout layouts/application.html.erb (Duration: 93.9ms | GC: 46.8ms)
Completed 200 OK in 153ms (Views: 98.1ms | ActiveRecord: 0.0ms (0 queries, 0 cached) | GC: 47.9ms)


Started GET "/" for 127.0.0.1 at 2025-08-10 00:01:06 +0900
Processing by BooksController#index as */*
  Rendering layout layouts/application.html.erb
  Rendering books/index.html.erb within layouts/application
  Rendered books/index.html.erb within layouts/application (Duration: 33.2ms | GC: 0.0ms)
  Rendered layout layouts/application.html.erb (Duration: 37.9ms | GC: 0.0ms)
Completed 200 OK in 54ms (Views: 40.1ms | ActiveRecord: 0.0ms (0 queries, 0 cached) | GC: 0.0ms)


Started GET "/assets/application-d1685b86.css" for 127.0.0.1 at 2025-08-10 00:01:10 +0900
Started GET "/books/new" for 127.0.0.1 at 2025-08-10 00:01:14 +0900
Processing by BooksController#new as */*
  Rendering layout layouts/application.html.erb
  Rendering books/new.html.erb within layouts/application
  Rendered books/new.html.erb within layouts/application (Duration: 17.8ms | GC: 0.5ms)
  Rendered layout layouts/application.html.erb (Duration: 19.2ms | GC: 0.5ms)
Completed 200 OK in 40ms (Views: 19.8ms | ActiveRecord: 0.0ms (0 queries, 0 cached) | GC: 0.5ms)


Started GET "/books/3/edit" for 127.0.0.1 at 2025-08-10 00:01:19 +0900
Processing by BooksController#edit as */*
  Parameters: {"id"=>"3"}
  Rendering layout layouts/application.html.erb
  Rendering books/edit.html.erb within layouts/application
  Rendered books/edit.html.erb within layouts/application (Duration: 9.9ms | GC: 0.3ms)
  Rendered layout layouts/application.html.erb (Duration: 11.2ms | GC: 0.3ms)
Completed 200 OK in 34ms (Views: 16.3ms | ActiveRecord: 0.0ms (0 queries, 0 cached) | GC: 0.3ms)


Started GET "/books" for 127.0.0.1 at 2025-08-10 00:01:38 +0900
Processing by BooksController#index as HTML
  Rendering layout layouts/application.html.erb
  Rendering books/index.html.erb within layouts/application
  Rendered books/index.html.erb within layouts/application (Duration: 13.5ms | GC: 0.0ms)
  Rendered layout layouts/application.html.erb (Duration: 34.6ms | GC: 0.0ms)
Completed 200 OK in 52ms (Views: 38.0ms | ActiveRecord: 0.0ms (0 queries, 0 cached) | GC: 0.0ms)


Started GET "/books" for 127.0.0.1 at 2025-08-10 00:01:39 +0900
Processing by BooksController#index as HTML
  Rendering layout layouts/application.html.erb
  Rendering books/index.html.erb within layouts/application
  Rendered books/index.html.erb within layouts/application (Duration: 3.1ms | GC: 0.0ms)
  Rendered layout layouts/application.html.erb (Duration: 8.7ms | GC: 0.0ms)
Completed 200 OK in 44ms (Views: 10.1ms | ActiveRecord: 0.0ms (0 queries, 0 cached) | GC: 0.0ms)


Started GET "/books/3/edit" for 127.0.0.1 at 2025-08-10 00:01:42 +0900
Processing by BooksController#edit as HTML
  Parameters: {"id"=>"3"}
  Rendering layout layouts/application.html.erb
  Rendering books/edit.html.erb within layouts/application
  Rendered books/edit.html.erb within layouts/application (Duration: 25.4ms | GC: 0.0ms)
  Rendered layout layouts/application.html.erb (Duration: 27.3ms | GC: 0.0ms)
Completed 200 OK in 42ms (Views: 28.3ms | ActiveRecord: 0.0ms (0 queries, 0 cached) | GC: 0.0ms)


Started PATCH "/books/3" for 127.0.0.1 at 2025-08-10 00:01:48 +0900
Processing by BooksController#update as TURBO_STREAM
  Parameters: {"authenticity_token"=>"[FILTERED]", "book"=>{"title"=>"ã“ã“ã‚", "author"=>"å¤ç›®æ¼±çŸ³", "finished_date"=>"2025-07-20", "publisher"=>"å²©æ³¢æ›¸åº—", "isbn"=>"9784003101094", "price"=>"600", "rating"=>"5"}, "commit"=>"æ›´æ–°", "id"=>"3"}
Redirected to http://localhost:3000/books/3
Completed 302 Found in 38ms (ActiveRecord: 0.0ms (0 queries, 0 cached) | GC: 0.0ms)


Started GET "/books/3" for 127.0.0.1 at 2025-08-10 00:01:48 +0900
Processing by BooksController#show as TURBO_STREAM
  Parameters: {"id"=>"3"}
  Rendering layout layouts/application.html.erb
  Rendering books/show.html.erb within layouts/application
  Rendered books/show.html.erb within layouts/application (Duration: 1.4ms | GC: 0.0ms)
  Rendered layout layouts/application.html.erb (Duration: 5.8ms | GC: 0.0ms)
Completed 200 OK in 27ms (Views: 10.2ms | ActiveRecord: 0.0ms (0 queries, 0 cached) | GC: 0.0ms)


Started GET "/books" for 127.0.0.1 at 2025-08-10 00:01:54 +0900
Processing by BooksController#index as HTML
  Rendering layout layouts/application.html.erb
  Rendering books/index.html.erb within layouts/application
  Rendered books/index.html.erb within layouts/application (Duration: 0.8ms | GC: 0.0ms)
  Rendered layout layouts/application.html.erb (Duration: 11.0ms | GC: 0.0ms)
Completed 200 OK in 27ms (Views: 11.8ms | ActiveRecord: 0.0ms (0 queries, 0 cached) | GC: 0.0ms)


Started GET "/books" for 127.0.0.1 at 2025-08-10 00:01:59 +0900
Processing by BooksController#index as HTML
  Rendering layout layouts/application.html.erb
  Rendering books/index.html.erb within layouts/application
  Rendered books/index.html.erb within layouts/application (Duration: 1.1ms | GC: 0.0ms)
  Rendered layout layouts/application.html.erb (Duration: 3.1ms | GC: 0.0ms)
Completed 200 OK in 25ms (Views: 5.7ms | ActiveRecord: 0.0ms (0 queries, 0 cached) | GC: 0.0ms)


Started GET "/books" for 127.0.0.1 at 2025-08-10 00:02:12 +0900
Processing by BooksController#index as HTML
  Rendering layout layouts/application.html.erb
  Rendering books/index.html.erb within layouts/application
  Rendered books/index.html.erb within layouts/application (Duration: 2.2ms | GC: 0.0ms)
  Rendered layout layouts/application.html.erb (Duration: 4.1ms | GC: 0.0ms)
Completed 200 OK in 20ms (Views: 4.7ms | ActiveRecord: 0.0ms (0 queries, 0 cached) | GC: 0.0ms)


Started GET "/assets/application-bfcdf840.js" for 127.0.0.1 at 2025-08-10 00:02:12 +0900
Started GET "/assets/turbo.min-3a2e143f.js" for 127.0.0.1 at 2025-08-10 00:02:12 +0900
Started GET "/assets/stimulus.min-4b1e420e.js" for 127.0.0.1 at 2025-08-10 00:02:12 +0900
Started GET "/assets/stimulus-loading-1fc53fe7.js" for 127.0.0.1 at 2025-08-10 00:02:12 +0900
Started GET "/assets/controllers/application-3affb389.js" for 127.0.0.1 at 2025-08-10 00:02:12 +0900
Started GET "/assets/controllers/hello_controller-708796bd.js" for 127.0.0.1 at 2025-08-10 00:02:12 +0900
Started GET "/assets/controllers/index-ee64e1f1.js" for 127.0.0.1 at 2025-08-10 00:02:12 +0900
Started GET "/books" for 127.0.0.1 at 2025-08-10 00:02:13 +0900
Processing by BooksController#index as HTML
  Rendering layout layouts/application.html.erb
  Rendering books/index.html.erb within layouts/application
  Rendered books/index.html.erb within layouts/application (Duration: 8.6ms | GC: 0.0ms)
  Rendered layout layouts/application.html.erb (Duration: 10.4ms | GC: 0.0ms)
Completed 200 OK in 24ms (Views: 10.8ms | ActiveRecord: 0.0ms (0 queries, 0 cached) | GC: 0.0ms)


Started GET "/assets/application-bfcdf840.js" for 127.0.0.1 at 2025-08-10 00:02:13 +0900
Started GET "/assets/turbo.min-3a2e143f.js" for 127.0.0.1 at 2025-08-10 00:02:13 +0900
Started GET "/assets/stimulus.min-4b1e420e.js" for 127.0.0.1 at 2025-08-10 00:02:13 +0900
Started GET "/assets/controllers/index-ee64e1f1.js" for 127.0.0.1 at 2025-08-10 00:02:13 +0900
Started GET "/assets/stimulus-loading-1fc53fe7.js" for 127.0.0.1 at 2025-08-10 00:02:13 +0900
Started GET "/assets/controllers/hello_controller-708796bd.js" for 127.0.0.1 at 2025-08-10 00:02:13 +0900
Started GET "/assets/controllers/application-3affb389.js" for 127.0.0.1 at 2025-08-10 00:02:13 +0900
Started GET "/books" for 127.0.0.1 at 2025-08-10 00:02:13 +0900
Processing by BooksController#index as HTML
  Rendering layout layouts/application.html.erb
  Rendering books/index.html.erb within layouts/application
  Rendered books/index.html.erb within layouts/application (Duration: 1.6ms | GC: 0.0ms)
  Rendered layout layouts/application.html.erb (Duration: 5.1ms | GC: 0.5ms)
Completed 200 OK in 21ms (Views: 5.9ms | ActiveRecord: 0.0ms (0 queries, 0 cached) | GC: 0.5ms)


Started GET "/assets/application-bfcdf840.js" for 127.0.0.1 at 2025-08-10 00:02:13 +0900
Started GET "/assets/turbo.min-3a2e143f.js" for 127.0.0.1 at 2025-08-10 00:02:13 +0900
Started GET "/assets/controllers/hello_controller-708796bd.js" for 127.0.0.1 at 2025-08-10 00:02:13 +0900
Started GET "/assets/controllers/index-ee64e1f1.js" for 127.0.0.1 at 2025-08-10 00:02:14 +0900
Started GET "/assets/controllers/application-3affb389.js" for 127.0.0.1 at 2025-08-10 00:02:14 +0900
Started GET "/assets/stimulus-loading-1fc53fe7.js" for 127.0.0.1 at 2025-08-10 00:02:14 +0900
Started GET "/assets/stimulus.min-4b1e420e.js" for 127.0.0.1 at 2025-08-10 00:02:14 +0900
Started GET "/books/3" for 127.0.0.1 at 2025-08-10 00:02:15 +0900
Processing by BooksController#show as HTML
  Parameters: {"id"=>"3"}
  Rendering layout layouts/application.html.erb
  Rendering books/show.html.erb within layouts/application
  Rendered books/show.html.erb within layouts/application (Duration: 0.6ms | GC: 0.0ms)
  Rendered layout layouts/application.html.erb (Duration: 4.1ms | GC: 0.0ms)
Completed 200 OK in 20ms (Views: 5.8ms | ActiveRecord: 0.0ms (0 queries, 0 cached) | GC: 0.0ms)


Started GET "/books/3/edit" for 127.0.0.1 at 2025-08-10 00:02:17 +0900
Processing by BooksController#edit as HTML
  Parameters: {"id"=>"3"}
  Rendering layout layouts/application.html.erb
  Rendering books/edit.html.erb within layouts/application
  Rendered books/edit.html.erb within layouts/application (Duration: 3.5ms | GC: 0.2ms)
  Rendered layout layouts/application.html.erb (Duration: 10.8ms | GC: 0.2ms)
Completed 200 OK in 41ms (Views: 16.2ms | ActiveRecord: 0.0ms (0 queries, 0 cached) | GC: 0.2ms)


Started GET "/books/3" for 127.0.0.1 at 2025-08-10 00:03:25 +0900
Processing by BooksController#show as HTML
  Parameters: {"id"=>"3"}
  Rendering layout layouts/application.html.erb
  Rendering books/show.html.erb within layouts/application
  Rendered books/show.html.erb within layouts/application (Duration: 0.8ms | GC: 0.0ms)
  Rendered layout layouts/application.html.erb (Duration: 2.9ms | GC: 0.0ms)
Completed 200 OK in 19ms (Views: 3.8ms | ActiveRecord: 0.0ms (0 queries, 0 cached) | GC: 0.0ms)


Started GET "/books/3" for 127.0.0.1 at 2025-08-10 00:03:28 +0900
Processing by BooksController#show as HTML
  Parameters: {"id"=>"3"}
  Rendering layout layouts/application.html.erb
  Rendering books/show.html.erb within layouts/application
  Rendered books/show.html.erb within layouts/application (Duration: 0.3ms | GC: 0.0ms)
  Rendered layout layouts/application.html.erb (Duration: 2.3ms | GC: 0.0ms)
Completed 200 OK in 17ms (Views: 2.7ms | ActiveRecord: 0.0ms (0 queries, 0 cached) | GC: 0.0ms)


Started PATCH "/books/3" for 127.0.0.1 at 2025-08-10 00:03:28 +0900
Processing by BooksController#update as TURBO_STREAM
  Parameters: {"authenticity_token"=>"[FILTERED]", "book"=>{"title"=>"ã“ã“ã‚", "author"=>"å¤ç›®æ¼±çŸ³", "finished_date"=>"2025-07-20", "publisher"=>"å²©æ³¢æ›¸åº—", "isbn"=>"9784003101094", "price"=>"600", "rating"=>"10"}, "commit"=>"æ›´æ–°", "id"=>"3"}
Redirected to http://localhost:3000/books/3
Completed 302 Found in 21ms (ActiveRecord: 0.0ms (0 queries, 0 cached) | GC: 0.0ms)


Started GET "/books/3" for 127.0.0.1 at 2025-08-10 00:03:28 +0900
Processing by BooksController#show as TURBO_STREAM
  Parameters: {"id"=>"3"}
  Rendering layout layouts/application.html.erb
  Rendering books/show.html.erb within layouts/application
  Rendered books/show.html.erb within layouts/application (Duration: 0.4ms | GC: 0.0ms)
  Rendered layout layouts/application.html.erb (Duration: 4.6ms | GC: 0.0ms)
Completed 200 OK in 16ms (Views: 5.4ms | ActiveRecord: 0.0ms (0 queries, 0 cached) | GC: 0.0ms)


Started GET "/books" for 127.0.0.1 at 2025-08-10 00:03:34 +0900
Processing by BooksController#index as HTML
  Rendering layout layouts/application.html.erb
  Rendering books/index.html.erb within layouts/application
  Rendered books/index.html.erb within layouts/application (Duration: 1.2ms | GC: 0.0ms)
  Rendered layout layouts/application.html.erb (Duration: 2.5ms | GC: 0.0ms)
Completed 200 OK in 20ms (Views: 3.1ms | ActiveRecord: 0.0ms (0 queries, 0 cached) | GC: 0.0ms)


Started GET "/books/3" for 127.0.0.1 at 2025-08-10 00:03:35 +0900
Processing by BooksController#show as HTML
  Parameters: {"id"=>"3"}
  Rendering layout layouts/application.html.erb
  Rendering books/show.html.erb within layouts/application
  Rendered books/show.html.erb within layouts/application (Duration: 0.3ms | GC: 0.0ms)
  Rendered layout layouts/application.html.erb (Duration: 1.7ms | GC: 0.0ms)
Completed 200 OK in 13ms (Views: 2.0ms | ActiveRecord: 0.0ms (0 queries, 0 cached) | GC: 0.0ms)


Started GET "/books/3/edit" for 127.0.0.1 at 2025-08-10 00:04:46 +0900
Processing by BooksController#edit as */*
  Parameters: {"id"=>"3"}
  Rendering layout layouts/application.html.erb
  Rendering books/edit.html.erb within layouts/application
  Rendered books/edit.html.erb within layouts/application (Duration: 40.1ms | GC: 20.1ms)
  Rendered layout layouts/application.html.erb (Duration: 41.9ms | GC: 20.1ms)
Completed 200 OK in 65ms (Views: 42.4ms | ActiveRecord: 0.0ms (0 queries, 0 cached) | GC: 20.1ms)


Started GET "/books" for 127.0.0.1 at 2025-08-10 00:09:52 +0900
Processing by BooksController#index as HTML
  Rendering layout layouts/application.html.erb
  Rendering books/index.html.erb within layouts/application
  Rendered books/index.html.erb within layouts/application (Duration: 8.3ms | GC: 0.0ms)
  Rendered layout layouts/application.html.erb (Duration: 18.5ms | GC: 0.0ms)
Completed 200 OK in 50ms (Views: 20.8ms | ActiveRecord: 0.0ms (0 queries, 0 cached) | GC: 0.3ms)


Started GET "/books" for 127.0.0.1 at 2025-08-10 00:09:54 +0900
Processing by BooksController#index as HTML
  Rendering layout layouts/application.html.erb
  Rendering books/index.html.erb within layouts/application
  Rendered books/index.html.erb within layouts/application (Duration: 3.4ms | GC: 0.0ms)
  Rendered layout layouts/application.html.erb (Duration: 8.7ms | GC: 0.0ms)
Completed 200 OK in 28ms (Views: 10.7ms | ActiveRecord: 0.0ms (0 queries, 0 cached) | GC: 0.0ms)


Started GET "/books" for 127.0.0.1 at 2025-08-10 00:09:55 +0900
Processing by BooksController#index as HTML
  Rendering layout layouts/application.html.erb
  Rendering books/index.html.erb within layouts/application
  Rendered books/index.html.erb within layouts/application (Duration: 1.0ms | GC: 0.0ms)
  Rendered layout layouts/application.html.erb (Duration: 2.1ms | GC: 0.0ms)
Completed 200 OK in 17ms (Views: 2.5ms | ActiveRecord: 0.0ms (0 queries, 0 cached) | GC: 0.0ms)


Started GET "/books/3/edit" for 127.0.0.1 at 2025-08-10 00:09:57 +0900
Processing by BooksController#edit as HTML
  Parameters: {"id"=>"3"}
  Rendering layout layouts/application.html.erb
  Rendering books/edit.html.erb within layouts/application
  Rendered books/edit.html.erb within layouts/application (Duration: 12.0ms | GC: 0.0ms)
  Rendered layout layouts/application.html.erb (Duration: 14.6ms | GC: 0.0ms)
Completed 200 OK in 27ms (Views: 15.1ms | ActiveRecord: 0.0ms (0 queries, 0 cached) | GC: 0.0ms)


Started GET "/books/3" for 127.0.0.1 at 2025-08-10 00:09:58 +0900
Processing by BooksController#show as HTML
  Parameters: {"id"=>"3"}
  Rendering layout layouts/application.html.erb
  Rendering books/show.html.erb within layouts/application
  Rendered books/show.html.erb within layouts/application (Duration: 1.0ms | GC: 0.0ms)
  Rendered layout layouts/application.html.erb (Duration: 2.2ms | GC: 0.0ms)
Completed 200 OK in 19ms (Views: 2.8ms | ActiveRecord: 0.0ms (0 queries, 0 cached) | GC: 0.0ms)


Started GET "/books/3/edit" for 127.0.0.1 at 2025-08-10 00:10:00 +0900
Processing by BooksController#edit as HTML
  Parameters: {"id"=>"3"}
  Rendering layout layouts/application.html.erb
  Rendering books/edit.html.erb within layouts/application
  Rendered books/edit.html.erb within layouts/application (Duration: 3.0ms | GC: 0.0ms)
  Rendered layout layouts/application.html.erb (Duration: 5.1ms | GC: 0.0ms)
Completed 200 OK in 21ms (Views: 5.7ms | ActiveRecord: 0.0ms (0 queries, 0 cached) | GC: 0.0ms)


Started PATCH "/books/3" for 127.0.0.1 at 2025-08-10 00:10:07 +0900
Processing by BooksController#update as TURBO_STREAM
  Parameters: {"authenticity_token"=>"[FILTERED]", "book"=>{"title"=>"ã“ã“ã‚", "author"=>"å¤ç›®æ¼±çŸ³", "finished_date"=>"2025-07-20", "publisher"=>"å²©æ³¢æ›¸åº—", "isbn"=>"9784003101094", "price"=>"600", "rating"=>"1"}, "commit"=>"æ›´æ–°", "id"=>"3"}
Redirected to http://localhost:3000/books/3
Completed 302 Found in 37ms (ActiveRecord: 0.0ms (0 queries, 0 cached) | GC: 0.0ms)


Started GET "/books/3" for 127.0.0.1 at 2025-08-10 00:10:07 +0900
Processing by BooksController#show as TURBO_STREAM
  Parameters: {"id"=>"3"}
  Rendering layout layouts/application.html.erb
  Rendering books/show.html.erb within layouts/application
  Rendered books/show.html.erb within layouts/application (Duration: 0.4ms | GC: 0.0ms)
  Rendered layout layouts/application.html.erb (Duration: 2.0ms | GC: 0.0ms)
Completed 200 OK in 18ms (Views: 4.3ms | ActiveRecord: 0.0ms (0 queries, 0 cached) | GC: 0.0ms)


Started GET "/books" for 127.0.0.1 at 2025-08-10 00:10:08 +0900
Processing by BooksController#index as HTML
  Rendering layout layouts/application.html.erb
  Rendering books/index.html.erb within layouts/application
  Rendered books/index.html.erb within layouts/application (Duration: 1.0ms | GC: 0.0ms)
  Rendered layout layouts/application.html.erb (Duration: 3.1ms | GC: 0.0ms)
Completed 200 OK in 20ms (Views: 4.9ms | ActiveRecord: 0.0ms (0 queries, 0 cached) | GC: 0.0ms)


Started GET "/books" for 127.0.0.1 at 2025-08-10 00:10:10 +0900
Processing by BooksController#index as HTML
  Rendering layout layouts/application.html.erb
  Rendering books/index.html.erb within layouts/application
  Rendered books/index.html.erb within layouts/application (Duration: 2.4ms | GC: 0.0ms)
  Rendered layout layouts/application.html.erb (Duration: 29.2ms | GC: 0.0ms)
Completed 200 OK in 85ms (Views: 69.0ms | ActiveRecord: 0.0ms (0 queries, 0 cached) | GC: 0.0ms)


Started GET "/books/4" for 127.0.0.1 at 2025-08-10 00:10:12 +0900
Processing by BooksController#show as HTML
  Parameters: {"id"=>"4"}
  Rendering layout layouts/application.html.erb
  Rendering books/show.html.erb within layouts/application
  Rendered books/show.html.erb within layouts/application (Duration: 0.4ms | GC: 0.0ms)
  Rendered layout layouts/application.html.erb (Duration: 1.9ms | GC: 0.0ms)
Completed 200 OK in 14ms (Views: 3.3ms | ActiveRecord: 0.0ms (0 queries, 0 cached) | GC: 0.0ms)


Started GET "/books" for 127.0.0.1 at 2025-08-10 00:10:14 +0900
Processing by BooksController#index as HTML
  Rendering layout layouts/application.html.erb
  Rendering books/index.html.erb within layouts/application
  Rendered books/index.html.erb within layouts/application (Duration: 1.7ms | GC: 0.6ms)
  Rendered layout layouts/application.html.erb (Duration: 12.6ms | GC: 0.6ms)
Completed 200 OK in 34ms (Views: 13.6ms | ActiveRecord: 0.0ms (0 queries, 0 cached) | GC: 0.6ms)


Started GET "/books" for ::1 at 2025-08-10 00:11:21 +0900
  [1m[36mActiveRecord::SchemaMigration Load (0.8ms)[0m  [1m[34mSELECT "schema_migrations"."version" FROM "schema_migrations" ORDER BY "schema_migrations"."version" ASC /*application='LibraryManagement'*/[0m
Processing by BooksController#index as HTML
  Rendering layout layouts/application.html.erb
  Rendering books/index.html.erb within layouts/application
  Rendered books/index.html.erb within layouts/application (Duration: 23.6ms | GC: 0.0ms)
  Rendered layout layouts/application.html.erb (Duration: 69.8ms | GC: 0.0ms)
Completed 200 OK in 137ms (Views: 82.1ms | ActiveRecord: 0.0ms (0 queries, 0 cached) | GC: 0.0ms)


Started GET "/books/3/edit" for ::1 at 2025-08-10 00:11:23 +0900
Processing by BooksController#edit as HTML
  Parameters: {"id"=>"3"}
  Rendering layout layouts/application.html.erb
  Rendering books/edit.html.erb within layouts/application
  Rendered books/edit.html.erb within layouts/application (Duration: 13.9ms | GC: 0.0ms)
  Rendered layout layouts/application.html.erb (Duration: 17.8ms | GC: 0.0ms)
Completed 200 OK in 41ms (Views: 21.4ms | ActiveRecord: 0.0ms (0 queries, 0 cached) | GC: 0.0ms)


Started GET "/books/3" for ::1 at 2025-08-10 00:11:23 +0900
Processing by BooksController#show as HTML
  Parameters: {"id"=>"3"}
  Rendering layout layouts/application.html.erb
  Rendering books/show.html.erb within layouts/application
  Rendered books/show.html.erb within layouts/application (Duration: 5.6ms | GC: 0.0ms)
  Rendered layout layouts/application.html.erb (Duration: 8.4ms | GC: 0.0ms)
Completed 200 OK in 22ms (Views: 9.5ms | ActiveRecord: 0.0ms (0 queries, 0 cached) | GC: 0.0ms)


Started GET "/books/3/edit" for ::1 at 2025-08-10 00:11:25 +0900
Processing by BooksController#edit as HTML
  Parameters: {"id"=>"3"}
  Rendering layout layouts/application.html.erb
  Rendering books/edit.html.erb within layouts/application
  Rendered books/edit.html.erb within layouts/application (Duration: 5.3ms | GC: 0.0ms)
  Rendered layout layouts/application.html.erb (Duration: 6.4ms | GC: 0.0ms)
Completed 200 OK in 29ms (Views: 7.0ms | ActiveRecord: 0.0ms (0 queries, 0 cached) | GC: 0.0ms)


Started GET "/books/3/edit" for ::1 at 2025-08-10 00:11:33 +0900
Processing by BooksController#edit as HTML
  Parameters: {"id"=>"3"}
  Rendering layout layouts/application.html.erb
  Rendering books/edit.html.erb within layouts/application
  Rendered books/edit.html.erb within layouts/application (Duration: 32.0ms | GC: 0.0ms)
  Rendered layout layouts/application.html.erb (Duration: 38.6ms | GC: 0.0ms)
Completed 200 OK in 99ms (Views: 45.3ms | ActiveRecord: 0.0ms (0 queries, 0 cached) | GC: 36.5ms)


Started GET "/books/3/edit" for ::1 at 2025-08-10 00:11:36 +0900
Processing by BooksController#edit as HTML
  Parameters: {"id"=>"3"}
  Rendering layout layouts/application.html.erb
  Rendering books/edit.html.erb within layouts/application
  Rendered books/edit.html.erb within layouts/application (Duration: 39.5ms | GC: 0.0ms)
  Rendered layout layouts/application.html.erb (Duration: 42.7ms | GC: 0.0ms)
Completed 200 OK in 81ms (Views: 48.1ms | ActiveRecord: 0.0ms (0 queries, 0 cached) | GC: 1.5ms)


Started GET "/books/3/edit" for ::1 at 2025-08-10 00:11:43 +0900
Processing by BooksController#edit as HTML
  Parameters: {"id"=>"3"}
  Rendering layout layouts/application.html.erb
  Rendering books/edit.html.erb within layouts/application
  Rendered books/edit.html.erb within layouts/application (Duration: 18.2ms | GC: 0.0ms)
  Rendered layout layouts/application.html.erb (Duration: 19.1ms | GC: 0.0ms)
Completed 200 OK in 37ms (Views: 19.7ms | ActiveRecord: 0.0ms (0 queries, 0 cached) | GC: 0.5ms)


Started PATCH "/books/3" for ::1 at 2025-08-10 00:11:48 +0900
Processing by BooksController#update as TURBO_STREAM
  Parameters: {"authenticity_token"=>"[FILTERED]", "book"=>{"title"=>"ã“ã“ã‚", "author"=>"å¤ç›®æ¼±çŸ³", "finished_date"=>"2025-07-20", "publisher"=>"å²©æ³¢æ›¸åº—", "isbn"=>"9784003101094", "price"=>"600", "rating"=>"9"}, "commit"=>"æ›´æ–°", "id"=>"3"}
Redirected to http://localhost:3000/books/3
Completed 302 Found in 33ms (ActiveRecord: 0.0ms (0 queries, 0 cached) | GC: 0.4ms)


Started GET "/books/3" for ::1 at 2025-08-10 00:11:48 +0900
Processing by BooksController#show as TURBO_STREAM
  Parameters: {"id"=>"3"}
  Rendering layout layouts/application.html.erb
  Rendering books/show.html.erb within layouts/application
  Rendered books/show.html.erb within layouts/application (Duration: 7.7ms | GC: 0.0ms)
  Rendered layout layouts/application.html.erb (Duration: 10.6ms | GC: 0.0ms)
Completed 200 OK in 27ms (Views: 14.5ms | ActiveRecord: 0.0ms (0 queries, 0 cached) | GC: 0.0ms)


Started GET "/books/3" for ::1 at 2025-08-10 00:12:12 +0900
Processing by BooksController#show as HTML
  Parameters: {"id"=>"3"}
  Rendering layout layouts/application.html.erb
  Rendering books/show.html.erb within layouts/application
  Rendered books/show.html.erb within layouts/application (Duration: 1.6ms | GC: 0.0ms)
  Rendered layout layouts/application.html.erb (Duration: 9.7ms | GC: 0.3ms)
Completed 200 OK in 27ms (Views: 10.5ms | ActiveRecord: 0.0ms (0 queries, 0 cached) | GC: 0.3ms)


Started GET "/books/3" for ::1 at 2025-08-10 00:12:15 +0900
Processing by BooksController#show as HTML
  Parameters: {"id"=>"3"}
  Rendering layout layouts/application.html.erb
  Rendering books/show.html.erb within layouts/application
  Rendered books/show.html.erb within layouts/application (Duration: 0.9ms | GC: 0.0ms)
  Rendered layout layouts/application.html.erb (Duration: 4.7ms | GC: 0.0ms)
Completed 200 OK in 29ms (Views: 7.4ms | ActiveRecord: 0.0ms (0 queries, 0 cached) | GC: 0.0ms)


Started GET "/books" for ::1 at 2025-08-10 00:12:17 +0900
Processing by BooksController#index as HTML
  Rendering layout layouts/application.html.erb
  Rendering books/index.html.erb within layouts/application
  Rendered books/index.html.erb within layouts/application (Duration: 14.0ms | GC: 0.0ms)
  Rendered layout layouts/application.html.erb (Duration: 20.0ms | GC: 0.0ms)
Completed 200 OK in 34ms (Views: 20.8ms | ActiveRecord: 0.0ms (0 queries, 0 cached) | GC: 0.0ms)


Started GET "/books" for ::1 at 2025-08-10 00:12:20 +0900
Processing by BooksController#index as HTML
  Rendering layout layouts/application.html.erb
  Rendering books/index.html.erb within layouts/application
  Rendered books/index.html.erb within layouts/application (Duration: 1.2ms | GC: 0.0ms)
  Rendered layout layouts/application.html.erb (Duration: 3.8ms | GC: 0.0ms)
Completed 200 OK in 17ms (Views: 4.6ms | ActiveRecord: 0.0ms (0 queries, 0 cached) | GC: 0.0ms)


Started GET "/books/3" for ::1 at 2025-08-10 00:12:21 +0900
Processing by BooksController#show as HTML
  Parameters: {"id"=>"3"}
  Rendering layout layouts/application.html.erb
  Rendering books/show.html.erb within layouts/application
  Rendered books/show.html.erb within layouts/application (Duration: 2.0ms | GC: 0.0ms)
  Rendered layout layouts/application.html.erb (Duration: 6.5ms | GC: 0.0ms)
Completed 200 OK in 22ms (Views: 7.0ms | ActiveRecord: 0.0ms (0 queries, 0 cached) | GC: 0.0ms)


Started GET "/books" for ::1 at 2025-08-10 00:12:23 +0900
Processing by BooksController#index as HTML
  Rendering layout layouts/application.html.erb
  Rendering books/index.html.erb within layouts/application
  Rendered books/index.html.erb within layouts/application (Duration: 1.8ms | GC: 0.0ms)
  Rendered layout layouts/application.html.erb (Duration: 12.1ms | GC: 0.0ms)
Completed 200 OK in 36ms (Views: 14.5ms | ActiveRecord: 0.0ms (0 queries, 0 cached) | GC: 0.0ms)


Started GET "/books/3" for ::1 at 2025-08-10 00:12:29 +0900
Processing by BooksController#show as HTML
  Parameters: {"id"=>"3"}
  Rendering layout layouts/application.html.erb
  Rendering books/show.html.erb within layouts/application
  Rendered books/show.html.erb within layouts/application (Duration: 0.5ms | GC: 0.0ms)
  Rendered layout layouts/application.html.erb (Duration: 9.5ms | GC: 0.0ms)
Completed 200 OK in 30ms (Views: 13.0ms | ActiveRecord: 0.0ms (0 queries, 0 cached) | GC: 0.0ms)


Started GET "/books" for ::1 at 2025-08-10 00:12:31 +0900
Processing by BooksController#index as HTML
  Rendering layout layouts/application.html.erb
  Rendering books/index.html.erb within layouts/application
  Rendered books/index.html.erb within layouts/application (Duration: 1.6ms | GC: 0.0ms)
  Rendered layout layouts/application.html.erb (Duration: 3.8ms | GC: 0.0ms)
Completed 200 OK in 59ms (Views: 26.3ms | ActiveRecord: 0.0ms (0 queries, 0 cached) | GC: 21.1ms)


Started GET "/books/3" for ::1 at 2025-08-10 00:12:33 +0900
Processing by BooksController#show as HTML
  Parameters: {"id"=>"3"}
  Rendering layout layouts/application.html.erb
  Rendering books/show.html.erb within layouts/application
  Rendered books/show.html.erb within layouts/application (Duration: 0.7ms | GC: 0.0ms)
  Rendered layout layouts/application.html.erb (Duration: 2.3ms | GC: 0.0ms)
Completed 200 OK in 14ms (Views: 3.3ms | ActiveRecord: 0.0ms (0 queries, 0 cached) | GC: 0.6ms)


Started GET "/books" for ::1 at 2025-08-10 00:12:34 +0900
Processing by BooksController#index as HTML
  Rendering layout layouts/application.html.erb
  Rendering books/index.html.erb within layouts/application
  Rendered books/index.html.erb within layouts/application (Duration: 5.8ms | GC: 0.5ms)
  Rendered layout layouts/application.html.erb (Duration: 7.3ms | GC: 0.5ms)
Completed 200 OK in 43ms (Views: 10.5ms | ActiveRecord: 0.0ms (0 queries, 0 cached) | GC: 0.5ms)


Started GET "/books/3" for ::1 at 2025-08-10 00:13:23 +0900
Processing by BooksController#show as HTML
  Parameters: {"id"=>"3"}
  Rendering layout layouts/application.html.erb
  Rendering books/show.html.erb within layouts/application
  Rendered books/show.html.erb within layouts/application (Duration: 0.5ms | GC: 0.0ms)
  Rendered layout layouts/application.html.erb (Duration: 2.1ms | GC: 0.0ms)
Completed 200 OK in 20ms (Views: 2.6ms | ActiveRecord: 0.0ms (0 queries, 0 cached) | GC: 0.0ms)


Started GET "/books" for ::1 at 2025-08-10 00:13:23 +0900
Processing by BooksController#index as HTML
  Rendering layout layouts/application.html.erb
  Rendering books/index.html.erb within layouts/application
  Rendered books/index.html.erb within layouts/application (Duration: 1.5ms | GC: 0.2ms)
  Rendered layout layouts/application.html.erb (Duration: 3.4ms | GC: 0.2ms)
Completed 200 OK in 28ms (Views: 3.9ms | ActiveRecord: 0.0ms (0 queries, 0 cached) | GC: 0.2ms)


Started GET "/books" for ::1 at 2025-08-10 00:17:24 +0900
  [1m[36mActiveRecord::SchemaMigration Load (1.0ms)[0m  [1m[34mSELECT "schema_migrations"."version" FROM "schema_migrations" ORDER BY "schema_migrations"."version" ASC /*application='LibraryManagement'*/[0m
Processing by BooksController#index as HTML
  Rendering layout layouts/application.html.erb
  Rendering books/index.html.erb within layouts/application
  Rendered books/index.html.erb within layouts/application (Duration: 18.0ms | GC: 0.0ms)
  Rendered layout layouts/application.html.erb (Duration: 47.7ms | GC: 0.0ms)
Completed 200 OK in 109ms (Views: 54.3ms | ActiveRecord: 0.0ms (0 queries, 0 cached) | GC: 0.0ms)


Started GET "/books/3/edit" for ::1 at 2025-08-10 00:17:25 +0900
Processing by BooksController#edit as HTML
  Parameters: {"id"=>"3"}
  Rendering layout layouts/application.html.erb
  Rendering books/edit.html.erb within layouts/application
  Rendered books/edit.html.erb within layouts/application (Duration: 15.1ms | GC: 0.0ms)
  Rendered layout layouts/application.html.erb (Duration: 18.4ms | GC: 0.0ms)
Completed 200 OK in 43ms (Views: 21.2ms | ActiveRecord: 0.0ms (0 queries, 0 cached) | GC: 0.0ms)


Started GET "/books/3" for ::1 at 2025-08-10 00:17:26 +0900
Processing by BooksController#show as HTML
  Parameters: {"id"=>"3"}
  Rendering layout layouts/application.html.erb
  Rendering books/show.html.erb within layouts/application
  Rendered books/show.html.erb within layouts/application (Duration: 3.6ms | GC: 0.0ms)
  Rendered layout layouts/application.html.erb (Duration: 8.2ms | GC: 0.0ms)
Completed 200 OK in 24ms (Views: 9.3ms | ActiveRecord: 0.0ms (0 queries, 0 cached) | GC: 0.0ms)


Started GET "/books/3/edit" for ::1 at 2025-08-10 00:17:28 +0900
Processing by BooksController#edit as HTML
  Parameters: {"id"=>"3"}
  Rendering layout layouts/application.html.erb
  Rendering books/edit.html.erb within layouts/application
  Rendered books/edit.html.erb within layouts/application (Duration: 4.6ms | GC: 0.0ms)
  Rendered layout layouts/application.html.erb (Duration: 5.7ms | GC: 0.0ms)
Completed 200 OK in 20ms (Views: 6.2ms | ActiveRecord: 0.0ms (0 queries, 0 cached) | GC: 0.0ms)


Started GET "/books/3/edit" for ::1 at 2025-08-10 00:17:34 +0900
Processing by BooksController#edit as HTML
  Parameters: {"id"=>"3"}
  Rendering layout layouts/application.html.erb
  Rendering books/edit.html.erb within layouts/application
  Rendered books/edit.html.erb within layouts/application (Duration: 16.5ms | GC: 0.0ms)
  Rendered layout layouts/application.html.erb (Duration: 19.7ms | GC: 0.0ms)
Completed 200 OK in 58ms (Views: 23.4ms | ActiveRecord: 0.0ms (0 queries, 0 cached) | GC: 20.4ms)


Started GET "/books/3/edit" for ::1 at 2025-08-10 00:17:36 +0900
Processing by BooksController#edit as HTML
  Parameters: {"id"=>"3"}
  Rendering layout layouts/application.html.erb
  Rendering books/edit.html.erb within layouts/application
  Rendered books/edit.html.erb within layouts/application (Duration: 17.4ms | GC: 0.0ms)
  Rendered layout layouts/application.html.erb (Duration: 19.5ms | GC: 0.0ms)
Completed 200 OK in 42ms (Views: 22.4ms | ActiveRecord: 0.0ms (0 queries, 0 cached) | GC: 0.9ms)


Started PATCH "/books/3" for ::1 at 2025-08-10 00:17:47 +0900
Processing by BooksController#update as TURBO_STREAM
  Parameters: {"authenticity_token"=>"[FILTERED]", "book"=>{"title"=>"ã“ã“ã‚", "author"=>"å¤ç›®æ¼±çŸ³", "finished_date"=>"2025-07-20", "publisher"=>"å²©æ³¢æ›¸åº—", "isbn"=>"9784003101094", "price"=>"600", "rating"=>"7"}, "commit"=>"æ›´æ–°", "id"=>"3"}
Redirected to http://localhost:3000/books/3
Completed 302 Found in 24ms (ActiveRecord: 0.0ms (0 queries, 0 cached) | GC: 0.0ms)


Started GET "/books/3" for ::1 at 2025-08-10 00:17:47 +0900
Processing by BooksController#show as TURBO_STREAM
  Parameters: {"id"=>"3"}
  Rendering layout layouts/application.html.erb
  Rendering books/show.html.erb within layouts/application
  Rendered books/show.html.erb within layouts/application (Duration: 8.9ms | GC: 0.0ms)
  Rendered layout layouts/application.html.erb (Duration: 11.6ms | GC: 0.6ms)
Completed 200 OK in 26ms (Views: 13.0ms | ActiveRecord: 0.0ms (0 queries, 0 cached) | GC: 0.6ms)


Started GET "/books" for ::1 at 2025-08-10 00:17:49 +0900
Processing by BooksController#index as HTML
  Rendering layout layouts/application.html.erb
  Rendering books/index.html.erb within layouts/application
  Rendered books/index.html.erb within layouts/application (Duration: 6.2ms | GC: 0.0ms)
  Rendered layout layouts/application.html.erb (Duration: 9.2ms | GC: 0.0ms)
Completed 200 OK in 34ms (Views: 12.6ms | ActiveRecord: 0.0ms (0 queries, 0 cached) | GC: 0.0ms)


Started GET "/books" for ::1 at 2025-08-10 00:17:54 +0900
Processing by BooksController#index as HTML
  Rendering layout layouts/application.html.erb
  Rendering books/index.html.erb within layouts/application
  Rendered books/index.html.erb within layouts/application (Duration: 7.9ms | GC: 0.0ms)
  Rendered layout layouts/application.html.erb (Duration: 18.8ms | GC: 0.3ms)
Completed 200 OK in 37ms (Views: 19.6ms | ActiveRecord: 0.0ms (0 queries, 0 cached) | GC: 0.3ms)


Started GET "/books" for ::1 at 2025-08-10 00:27:13 +0900
Processing by BooksController#index as HTML
  Rendering layout layouts/application.html.erb
  Rendering books/index.html.erb within layouts/application
  Rendered books/index.html.erb within layouts/application (Duration: 5.9ms | GC: 0.0ms)
  Rendered layout layouts/application.html.erb (Duration: 11.7ms | GC: 0.0ms)
Completed 200 OK in 49ms (Views: 16.9ms | ActiveRecord: 0.0ms (0 queries, 0 cached) | GC: 0.0ms)


Started GET "/books" for ::1 at 2025-08-10 00:27:16 +0900
Processing by BooksController#index as HTML
  Rendering layout layouts/application.html.erb
  Rendering books/index.html.erb within layouts/application
  Rendered books/index.html.erb within layouts/application (Duration: 3.2ms | GC: 0.0ms)
  Rendered layout layouts/application.html.erb (Duration: 7.1ms | GC: 0.0ms)
Completed 200 OK in 20ms (Views: 8.2ms | ActiveRecord: 0.0ms (0 queries, 0 cached) | GC: 0.0ms)


Started GET "/books/3" for ::1 at 2025-08-10 00:27:17 +0900
Processing by BooksController#show as HTML
  Parameters: {"id"=>"3"}
  Rendering layout layouts/application.html.erb
  Rendering books/show.html.erb within layouts/application
  Rendered books/show.html.erb within layouts/application (Duration: 4.4ms | GC: 0.0ms)
  Rendered layout layouts/application.html.erb (Duration: 7.6ms | GC: 0.0ms)
Completed 200 OK in 28ms (Views: 8.5ms | ActiveRecord: 0.0ms (0 queries, 0 cached) | GC: 1.0ms)


Started GET "/books/3/edit" for ::1 at 2025-08-10 00:27:19 +0900
Processing by BooksController#edit as HTML
  Parameters: {"id"=>"3"}
  Rendering layout layouts/application.html.erb
  Rendering books/edit.html.erb within layouts/application
  Rendered books/edit.html.erb within layouts/application (Duration: 21.6ms | GC: 0.0ms)
  Rendered layout layouts/application.html.erb (Duration: 22.9ms | GC: 0.0ms)
Completed 200 OK in 41ms (Views: 23.7ms | ActiveRecord: 0.0ms (0 queries, 0 cached) | GC: 0.5ms)


Started GET "/books/3/edit" for ::1 at 2025-08-10 00:27:24 +0900
Processing by BooksController#edit as HTML
  Parameters: {"id"=>"3"}
  Rendering layout layouts/application.html.erb
  Rendering books/edit.html.erb within layouts/application
  Rendered books/edit.html.erb within layouts/application (Duration: 6.0ms | GC: 0.0ms)
  Rendered layout layouts/application.html.erb (Duration: 8.8ms | GC: 0.0ms)
Completed 200 OK in 27ms (Views: 10.6ms | ActiveRecord: 0.0ms (0 queries, 0 cached) | GC: 0.3ms)


Started PATCH "/books/3" for ::1 at 2025-08-10 00:27:31 +0900
Processing by BooksController#update as TURBO_STREAM
  Parameters: {"authenticity_token"=>"[FILTERED]", "book"=>{"title"=>"ã“ã“ã‚", "author"=>"å¤ç›®æ¼±çŸ³", "finished_date"=>"2025-07-20", "publisher"=>"å²©æ³¢æ›¸åº—", "isbn"=>"9784003101094", "price"=>"600", "rating"=>"10"}, "commit"=>"æ›´æ–°", "id"=>"3"}
Redirected to http://localhost:3000/books/3
Completed 302 Found in 28ms (ActiveRecord: 0.0ms (0 queries, 0 cached) | GC: 0.0ms)


Started GET "/books/3" for ::1 at 2025-08-10 00:27:31 +0900
Processing by BooksController#show as TURBO_STREAM
  Parameters: {"id"=>"3"}
  Rendering layout layouts/application.html.erb
  Rendering books/show.html.erb within layouts/application
  Rendered books/show.html.erb within layouts/application (Duration: 0.5ms | GC: 0.0ms)
  Rendered layout layouts/application.html.erb (Duration: 7.9ms | GC: 0.0ms)
Completed 200 OK in 21ms (Views: 11.0ms | ActiveRecord: 0.0ms (0 queries, 0 cached) | GC: 0.0ms)


Started GET "/books/3/edit" for ::1 at 2025-08-10 00:27:32 +0900
Processing by BooksController#edit as HTML
  Parameters: {"id"=>"3"}
  Rendering layout layouts/application.html.erb
  Rendering books/edit.html.erb within layouts/application
  Rendered books/edit.html.erb within layouts/application (Duration: 3.7ms | GC: 0.0ms)
  Rendered layout layouts/application.html.erb (Duration: 7.1ms | GC: 0.0ms)
Completed 200 OK in 25ms (Views: 8.0ms | ActiveRecord: 0.0ms (0 queries, 0 cached) | GC: 0.0ms)


Started GET "/books" for ::1 at 2025-08-10 00:27:32 +0900
Processing by BooksController#index as HTML
  Rendering layout layouts/application.html.erb
  Rendering books/index.html.erb within layouts/application
  Rendered books/index.html.erb within layouts/application (Duration: 1.7ms | GC: 0.0ms)
  Rendered layout layouts/application.html.erb (Duration: 5.1ms | GC: 0.0ms)
Completed 200 OK in 22ms (Views: 5.7ms | ActiveRecord: 0.0ms (0 queries, 0 cached) | GC: 0.0ms)


Started GET "/books" for ::1 at 2025-08-10 00:27:35 +0900
Processing by BooksController#index as HTML
  Rendering layout layouts/application.html.erb
  Rendering books/index.html.erb within layouts/application
  Rendered books/index.html.erb within layouts/application (Duration: 5.1ms | GC: 0.0ms)
  Rendered layout layouts/application.html.erb (Duration: 7.9ms | GC: 0.0ms)
Completed 200 OK in 24ms (Views: 9.3ms | ActiveRecord: 0.0ms (0 queries, 0 cached) | GC: 0.0ms)


Started GET "/books/3" for ::1 at 2025-08-10 00:27:37 +0900
Processing by BooksController#show as HTML
  Parameters: {"id"=>"3"}
  Rendering layout layouts/application.html.erb
  Rendering books/show.html.erb within layouts/application
  Rendered books/show.html.erb within layouts/application (Duration: 0.8ms | GC: 0.0ms)
  Rendered layout layouts/application.html.erb (Duration: 7.1ms | GC: 0.0ms)
Completed 200 OK in 34ms (Views: 7.8ms | ActiveRecord: 0.0ms (0 queries, 0 cached) | GC: 0.0ms)


Started GET "/books/3" for ::1 at 2025-08-10 00:27:38 +0900
Processing by BooksController#show as HTML
  Parameters: {"id"=>"3"}
  Rendering layout layouts/application.html.erb
  Rendering books/show.html.erb within layouts/application
  Rendered books/show.html.erb within layouts/application (Duration: 0.5ms | GC: 0.0ms)
  Rendered layout layouts/application.html.erb (Duration: 2.2ms | GC: 0.0ms)
Completed 200 OK in 14ms (Views: 2.6ms | ActiveRecord: 0.0ms (0 queries, 0 cached) | GC: 0.0ms)


Started GET "/books/3/edit" for ::1 at 2025-08-10 00:27:41 +0900
Processing by BooksController#edit as HTML
  Parameters: {"id"=>"3"}
  Rendering layout layouts/application.html.erb
  Rendering books/edit.html.erb within layouts/application
  Rendered books/edit.html.erb within layouts/application (Duration: 5.5ms | GC: 0.0ms)
  Rendered layout layouts/application.html.erb (Duration: 34.6ms | GC: 26.0ms)
Completed 200 OK in 51ms (Views: 35.1ms | ActiveRecord: 0.0ms (0 queries, 0 cached) | GC: 26.0ms)


Started GET "/books/3" for ::1 at 2025-08-10 00:27:46 +0900
Processing by BooksController#show as HTML
  Parameters: {"id"=>"3"}
  Rendering layout layouts/application.html.erb
  Rendering books/show.html.erb within layouts/application
  Rendered books/show.html.erb within layouts/application (Duration: 0.5ms | GC: 0.0ms)
  Rendered layout layouts/application.html.erb (Duration: 5.5ms | GC: 0.0ms)
Completed 200 OK in 24ms (Views: 6.3ms | ActiveRecord: 0.0ms (0 queries, 0 cached) | GC: 0.0ms)


Started GET "/books/3" for ::1 at 2025-08-10 00:35:36 +0900
  [1m[36mActiveRecord::SchemaMigration Load (1.0ms)[0m  [1m[34mSELECT "schema_migrations"."version" FROM "schema_migrations" ORDER BY "schema_migrations"."version" ASC /*application='LibraryManagement'*/[0m
Processing by BooksController#show as HTML
  Parameters: {"id"=>"3"}
  Rendering layout layouts/application.html.erb
  Rendering books/show.html.erb within layouts/application
  Rendered books/show.html.erb within layouts/application (Duration: 11.7ms | GC: 0.0ms)
  Rendered layout layouts/application.html.erb (Duration: 141.1ms | GC: 0.0ms)
Completed 200 OK in 278ms (Views: 160.5ms | ActiveRecord: 0.0ms (0 queries, 0 cached) | GC: 0.0ms)


Started GET "/books/3" for ::1 at 2025-08-10 00:35:36 +0900
Processing by BooksController#show as HTML
  Parameters: {"id"=>"3"}
  Rendering layout layouts/application.html.erb
  Rendering books/show.html.erb within layouts/application
  Rendered books/show.html.erb within layouts/application (Duration: 12.1ms | GC: 0.0ms)
  Rendered layout layouts/application.html.erb (Duration: 22.7ms | GC: 0.0ms)
Completed 200 OK in 62ms (Views: 24.2ms | ActiveRecord: 0.0ms (0 queries, 0 cached) | GC: 0.0ms)


Started GET "/books" for ::1 at 2025-08-10 00:35:37 +0900
Processing by BooksController#index as HTML
  Rendering layout layouts/application.html.erb
  Rendering books/index.html.erb within layouts/application
  Rendered books/index.html.erb within layouts/application (Duration: 15.9ms | GC: 0.0ms)
  Rendered layout layouts/application.html.erb (Duration: 18.6ms | GC: 0.0ms)
Completed 200 OK in 35ms (Views: 19.6ms | ActiveRecord: 0.0ms (0 queries, 0 cached) | GC: 0.0ms)


Started GET "/books" for ::1 at 2025-08-10 00:35:39 +0900
Processing by BooksController#index as HTML
  Rendering layout layouts/application.html.erb
  Rendering books/index.html.erb within layouts/application
  Rendered books/index.html.erb within layouts/application (Duration: 19.2ms | GC: 0.0ms)
  Rendered layout layouts/application.html.erb (Duration: 21.8ms | GC: 0.0ms)
Completed 200 OK in 39ms (Views: 22.4ms | ActiveRecord: 0.0ms (0 queries, 0 cached) | GC: 0.0ms)


Started GET "/books/3" for ::1 at 2025-08-10 00:35:40 +0900
Processing by BooksController#show as HTML
  Parameters: {"id"=>"3"}
  Rendering layout layouts/application.html.erb
  Rendering books/show.html.erb within layouts/application
  Rendered books/show.html.erb within layouts/application (Duration: 13.8ms | GC: 0.0ms)
  Rendered layout layouts/application.html.erb (Duration: 16.6ms | GC: 0.0ms)
Completed 200 OK in 41ms (Views: 21.8ms | ActiveRecord: 0.0ms (0 queries, 0 cached) | GC: 0.0ms)


Started GET "/books/2" for ::1 at 2025-08-10 00:35:41 +0900
Processing by BooksController#show as HTML
  Parameters: {"id"=>"2"}
  Rendering layout layouts/application.html.erb
  Rendering books/show.html.erb within layouts/application
  Rendered books/show.html.erb within layouts/application (Duration: 0.6ms | GC: 0.0ms)
  Rendered layout layouts/application.html.erb (Duration: 2.6ms | GC: 0.0ms)
Completed 200 OK in 23ms (Views: 3.7ms | ActiveRecord: 0.0ms (0 queries, 0 cached) | GC: 0.0ms)


Started GET "/books/2/edit" for ::1 at 2025-08-10 00:35:43 +0900
Processing by BooksController#edit as HTML
  Parameters: {"id"=>"2"}
  Rendering layout layouts/application.html.erb
  Rendering books/edit.html.erb within layouts/application
  Rendered books/edit.html.erb within layouts/application (Duration: 20.6ms | GC: 0.5ms)
  Rendered layout layouts/application.html.erb (Duration: 21.8ms | GC: 0.5ms)
Completed 200 OK in 37ms (Views: 22.6ms | ActiveRecord: 0.0ms (0 queries, 0 cached) | GC: 0.5ms)


Started GET "/books/2/edit" for ::1 at 2025-08-10 00:35:47 +0900
Processing by BooksController#edit as HTML
  Parameters: {"id"=>"2"}
  Rendering layout layouts/application.html.erb
  Rendering books/edit.html.erb within layouts/application
  Rendered books/edit.html.erb within layouts/application (Duration: 5.8ms | GC: 0.0ms)
  Rendered layout layouts/application.html.erb (Duration: 9.6ms | GC: 0.0ms)
Completed 200 OK in 32ms (Views: 13.5ms | ActiveRecord: 0.0ms (0 queries, 0 cached) | GC: 0.0ms)


Started GET "/books/2" for ::1 at 2025-08-10 00:35:53 +0900
Processing by BooksController#show as HTML
  Parameters: {"id"=>"2"}
  Rendering layout layouts/application.html.erb
  Rendering books/show.html.erb within layouts/application
  Rendered books/show.html.erb within layouts/application (Duration: 0.5ms | GC: 0.0ms)
  Rendered layout layouts/application.html.erb (Duration: 8.2ms | GC: 0.0ms)
Completed 200 OK in 24ms (Views: 9.8ms | ActiveRecord: 0.0ms (0 queries, 0 cached) | GC: 0.0ms)


Started GET "/books/2/edit" for ::1 at 2025-08-10 00:35:56 +0900
Processing by BooksController#edit as HTML
  Parameters: {"id"=>"2"}
  Rendering layout layouts/application.html.erb
  Rendering books/edit.html.erb within layouts/application
  Rendered books/edit.html.erb within layouts/application (Duration: 25.7ms | GC: 0.0ms)
  Rendered layout layouts/application.html.erb (Duration: 31.6ms | GC: 0.0ms)
Completed 200 OK in 59ms (Views: 36.1ms | ActiveRecord: 0.0ms (0 queries, 0 cached) | GC: 0.0ms)


Started PATCH "/books/2" for ::1 at 2025-08-10 00:36:01 +0900
Processing by BooksController#update as TURBO_STREAM
  Parameters: {"authenticity_token"=>"[FILTERED]", "book"=>{"title"=>"èµ°ã‚Œãƒ¡ãƒ­ã‚¹", "author"=>"å¤ªå®°æ²»", "finished_date"=>"2025-08-05", "publisher"=>"å°å³°æ›¸åº—", "isbn"=>"9784338089201", "price"=>"800", "rating"=>"8"}, "commit"=>"æ›´æ–°", "id"=>"2"}
Redirected to http://localhost:3000/books/2
Completed 302 Found in 26ms (ActiveRecord: 0.0ms (0 queries, 0 cached) | GC: 0.2ms)


Started GET "/books/2" for ::1 at 2025-08-10 00:36:01 +0900
Processing by BooksController#show as TURBO_STREAM
  Parameters: {"id"=>"2"}
  Rendering layout layouts/application.html.erb
  Rendering books/show.html.erb within layouts/application
  Rendered books/show.html.erb within layouts/application (Duration: 1.5ms | GC: 0.0ms)
  Rendered layout layouts/application.html.erb (Duration: 5.1ms | GC: 0.0ms)
Completed 200 OK in 16ms (Views: 5.6ms | ActiveRecord: 0.0ms (0 queries, 0 cached) | GC: 0.0ms)


Started GET "/books" for ::1 at 2025-08-10 00:36:04 +0900
Processing by BooksController#index as HTML
  Rendering layout layouts/application.html.erb
  Rendering books/index.html.erb within layouts/application
  Rendered books/index.html.erb within layouts/application (Duration: 1.8ms | GC: 0.0ms)
  Rendered layout layouts/application.html.erb (Duration: 3.7ms | GC: 0.0ms)
Completed 200 OK in 18ms (Views: 4.5ms | ActiveRecord: 0.0ms (0 queries, 0 cached) | GC: 0.0ms)


Started GET "/books" for ::1 at 2025-08-10 00:42:25 +0900
Processing by BooksController#index as HTML
  Rendering layout layouts/application.html.erb
  Rendering books/index.html.erb within layouts/application
  Rendered books/index.html.erb within layouts/application (Duration: 2.9ms | GC: 0.0ms)
  Rendered layout layouts/application.html.erb (Duration: 8.1ms | GC: 0.0ms)
Completed 200 OK in 27ms (Views: 8.8ms | ActiveRecord: 0.0ms (0 queries, 0 cached) | GC: 0.0ms)


Started GET "/books" for ::1 at 2025-08-10 00:42:26 +0900
Processing by BooksController#index as HTML
  Rendering layout layouts/application.html.erb
  Rendering books/index.html.erb within layouts/application
  Rendered books/index.html.erb within layouts/application (Duration: 1.2ms | GC: 0.0ms)
  Rendered layout layouts/application.html.erb (Duration: 8.3ms | GC: 0.0ms)
Completed 200 OK in 26ms (Views: 9.6ms | ActiveRecord: 0.0ms (0 queries, 0 cached) | GC: 0.0ms)


Started GET "/books" for ::1 at 2025-08-10 00:42:26 +0900
Processing by BooksController#index as HTML
  Rendering layout layouts/application.html.erb
  Rendering books/index.html.erb within layouts/application
  Rendered books/index.html.erb within layouts/application (Duration: 3.4ms | GC: 0.0ms)
  Rendered layout layouts/application.html.erb (Duration: 12.9ms | GC: 0.0ms)
Completed 200 OK in 32ms (Views: 15.8ms | ActiveRecord: 0.0ms (0 queries, 0 cached) | GC: 0.0ms)


Started GET "/books/3" for ::1 at 2025-08-10 00:42:31 +0900
Processing by BooksController#show as HTML
  Parameters: {"id"=>"3"}
  Rendering layout layouts/application.html.erb
  Rendering books/show.html.erb within layouts/application
  Rendered books/show.html.erb within layouts/application (Duration: 1.7ms | GC: 0.0ms)
  Rendered layout layouts/application.html.erb (Duration: 26.8ms | GC: 22.3ms)
Completed 200 OK in 49ms (Views: 29.0ms | ActiveRecord: 0.0ms (0 queries, 0 cached) | GC: 22.3ms)


Started GET "/books/3/edit" for ::1 at 2025-08-10 00:42:32 +0900
Processing by BooksController#edit as HTML
  Parameters: {"id"=>"3"}
  Rendering layout layouts/application.html.erb
  Rendering books/edit.html.erb within layouts/application
  Rendered books/edit.html.erb within layouts/application (Duration: 1.9ms | GC: 0.0ms)
  Rendered layout layouts/application.html.erb (Duration: 4.2ms | GC: 0.8ms)
Completed 200 OK in 17ms (Views: 4.7ms | ActiveRecord: 0.0ms (0 queries, 0 cached) | GC: 0.8ms)


Started GET "/books/3/edit" for ::1 at 2025-08-10 00:42:32 +0900
Processing by BooksController#edit as HTML
  Parameters: {"id"=>"3"}
  Rendering layout layouts/application.html.erb
  Rendering books/edit.html.erb within layouts/application
  Rendered books/edit.html.erb within layouts/application (Duration: 19.4ms | GC: 0.0ms)
  Rendered layout layouts/application.html.erb (Duration: 21.1ms | GC: 0.4ms)
Completed 200 OK in 37ms (Views: 21.8ms | ActiveRecord: 0.0ms (0 queries, 0 cached) | GC: 0.4ms)


Started GET "/books/3/edit" for ::1 at 2025-08-10 00:42:37 +0900
Processing by BooksController#edit as HTML
  Parameters: {"id"=>"3"}
  Rendering layout layouts/application.html.erb
  Rendering books/edit.html.erb within layouts/application
  Rendered books/edit.html.erb within layouts/application (Duration: 3.3ms | GC: 0.0ms)
  Rendered layout layouts/application.html.erb (Duration: 4.3ms | GC: 0.0ms)
Completed 200 OK in 18ms (Views: 4.7ms | ActiveRecord: 0.0ms (0 queries, 0 cached) | GC: 0.0ms)


Started GET "/books/3/edit" for ::1 at 2025-08-10 00:42:43 +0900
Processing by BooksController#edit as HTML
  Parameters: {"id"=>"3"}
  Rendering layout layouts/application.html.erb
  Rendering books/edit.html.erb within layouts/application
  Rendered books/edit.html.erb within layouts/application (Duration: 3.9ms | GC: 0.2ms)
  Rendered layout layouts/application.html.erb (Duration: 5.2ms | GC: 0.2ms)
Completed 200 OK in 18ms (Views: 5.6ms | ActiveRecord: 0.0ms (0 queries, 0 cached) | GC: 0.2ms)


Started PATCH "/books/3" for ::1 at 2025-08-10 00:42:49 +0900
Processing by BooksController#update as TURBO_STREAM
  Parameters: {"authenticity_token"=>"[FILTERED]", "book"=>{"title"=>"ã“ã“ã‚", "author"=>"å¤ç›®æ¼±çŸ³", "finished_date"=>"2025-07-20", "publisher"=>"å²©æ³¢æ›¸åº—", "isbn"=>"9784003101094", "price"=>"600", "rating"=>"5"}, "commit"=>"æ›´æ–°", "id"=>"3"}
Redirected to http://localhost:3000/books/3
Completed 302 Found in 17ms (ActiveRecord: 0.0ms (0 queries, 0 cached) | GC: 0.0ms)


Started GET "/books/3" for ::1 at 2025-08-10 00:42:49 +0900
Processing by BooksController#show as TURBO_STREAM
  Parameters: {"id"=>"3"}
  Rendering layout layouts/application.html.erb
  Rendering books/show.html.erb within layouts/application
  Rendered books/show.html.erb within layouts/application (Duration: 0.4ms | GC: 0.0ms)
  Rendered layout layouts/application.html.erb (Duration: 4.3ms | GC: 0.0ms)
Completed 200 OK in 15ms (Views: 5.1ms | ActiveRecord: 0.0ms (0 queries, 0 cached) | GC: 0.0ms)


Started GET "/books/3/edit" for ::1 at 2025-08-10 00:42:52 +0900
Processing by BooksController#edit as HTML
  Parameters: {"id"=>"3"}
  Rendering layout layouts/application.html.erb
  Rendering books/edit.html.erb within layouts/application
  Rendered books/edit.html.erb within layouts/application (Duration: 2.4ms | GC: 0.3ms)
  Rendered layout layouts/application.html.erb (Duration: 5.6ms | GC: 0.3ms)
Completed 200 OK in 21ms (Views: 6.0ms | ActiveRecord: 0.0ms (0 queries, 0 cached) | GC: 0.3ms)


Started GET "/books/3" for ::1 at 2025-08-10 00:45:31 +0900
Processing by BooksController#show as HTML
  Parameters: {"id"=>"3"}
  Rendering layout layouts/application.html.erb
  Rendering books/show.html.erb within layouts/application
  Rendered books/show.html.erb within layouts/application (Duration: 13.8ms | GC: 0.0ms)
  Rendered layout layouts/application.html.erb (Duration: 34.0ms | GC: 0.8ms)
Completed 200 OK in 102ms (Views: 62.0ms | ActiveRecord: 0.0ms (0 queries, 0 cached) | GC: 24.6ms)


Started GET "/books/3/edit" for ::1 at 2025-08-10 00:45:33 +0900
Processing by BooksController#edit as HTML
  Parameters: {"id"=>"3"}
  Rendering layout layouts/application.html.erb
  Rendering books/edit.html.erb within layouts/application
  Rendered books/edit.html.erb within layouts/application (Duration: 13.3ms | GC: 0.5ms)
  Rendered layout layouts/application.html.erb (Duration: 14.8ms | GC: 0.5ms)
Completed 200 OK in 29ms (Views: 15.4ms | ActiveRecord: 0.0ms (0 queries, 0 cached) | GC: 0.5ms)


Started GET "/books/3" for ::1 at 2025-08-10 00:45:34 +0900
Processing by BooksController#show as HTML
  Parameters: {"id"=>"3"}
  Rendering layout layouts/application.html.erb
  Rendering books/show.html.erb within layouts/application
  Rendered books/show.html.erb within layouts/application (Duration: 0.8ms | GC: 0.0ms)
  Rendered layout layouts/application.html.erb (Duration: 1.8ms | GC: 0.0ms)
Completed 200 OK in 22ms (Views: 2.2ms | ActiveRecord: 0.0ms (0 queries, 0 cached) | GC: 0.0ms)


Started GET "/books/3" for ::1 at 2025-08-10 00:45:35 +0900
Processing by BooksController#show as HTML
  Parameters: {"id"=>"3"}
  Rendering layout layouts/application.html.erb
  Rendering books/show.html.erb within layouts/application
  Rendered books/show.html.erb within layouts/application (Duration: 0.5ms | GC: 0.0ms)
  Rendered layout layouts/application.html.erb (Duration: 1.8ms | GC: 0.0ms)
Completed 200 OK in 15ms (Views: 2.5ms | ActiveRecord: 0.0ms (0 queries, 0 cached) | GC: 0.0ms)


Started GET "/books/3" for ::1 at 2025-08-10 00:45:35 +0900
Processing by BooksController#show as HTML
  Parameters: {"id"=>"3"}
  Rendering layout layouts/application.html.erb
  Rendering books/show.html.erb within layouts/application
  Rendered books/show.html.erb within layouts/application (Duration: 0.6ms | GC: 0.0ms)
  Rendered layout layouts/application.html.erb (Duration: 3.9ms | GC: 0.4ms)
Completed 200 OK in 20ms (Views: 4.6ms | ActiveRecord: 0.0ms (0 queries, 0 cached) | GC: 0.4ms)


Started GET "/books/3/edit" for ::1 at 2025-08-10 00:45:36 +0900
Processing by BooksController#edit as HTML
  Parameters: {"id"=>"3"}
  Rendering layout layouts/application.html.erb
  Rendering books/edit.html.erb within layouts/application
  Rendered books/edit.html.erb within layouts/application (Duration: 17.9ms | GC: 0.0ms)
  Rendered layout layouts/application.html.erb (Duration: 20.0ms | GC: 0.2ms)
Completed 200 OK in 49ms (Views: 23.4ms | ActiveRecord: 0.0ms (0 queries, 0 cached) | GC: 0.2ms)


Started GET "/books/3/edit" for ::1 at 2025-08-10 00:45:36 +0900
Processing by BooksController#edit as HTML
  Parameters: {"id"=>"3"}
  Rendering layout layouts/application.html.erb
  Rendering books/edit.html.erb within layouts/application
  Rendered books/edit.html.erb within layouts/application (Duration: 2.6ms | GC: 0.0ms)
  Rendered layout layouts/application.html.erb (Duration: 4.4ms | GC: 0.0ms)
Completed 200 OK in 22ms (Views: 4.9ms | ActiveRecord: 0.0ms (0 queries, 0 cached) | GC: 0.0ms)


Started GET "/books/3" for ::1 at 2025-08-10 00:45:40 +0900
Processing by BooksController#show as HTML
  Parameters: {"id"=>"3"}
  Rendering layout layouts/application.html.erb
  Rendering books/show.html.erb within layouts/application
  Rendered books/show.html.erb within layouts/application (Duration: 1.1ms | GC: 0.0ms)
  Rendered layout layouts/application.html.erb (Duration: 20.5ms | GC: 0.0ms)
Completed 200 OK in 71ms (Views: 48.3ms | ActiveRecord: 0.0ms (0 queries, 0 cached) | GC: 0.0ms)


